2024-01-03 09:49:24.993 [restartedMain] INFO  com.opnapp.OpnappApplication - Starting OpnappApplication using Java 17.0.8 with PID 11036 (C:\Users\GPRITHAM\Desktop\FinalProject\opnapp\target\classes started by gpritham in C:\Users\GPRITHAM\Desktop\FinalProject\opnapp)
2024-01-03 09:49:24.997 [restartedMain] INFO  com.opnapp.OpnappApplication - No active profile set, falling back to 1 default profile: "default"
2024-01-03 09:49:25.031 [restartedMain] INFO  o.s.b.d.e.DevToolsPropertyDefaultsPostProcessor - Devtools property defaults active! Set 'spring.devtools.add-properties' to 'false' to disable
2024-01-03 09:49:25.032 [restartedMain] INFO  o.s.b.d.e.DevToolsPropertyDefaultsPostProcessor - For additional web related logging consider setting the 'logging.level.web' property to 'DEBUG'
2024-01-03 09:49:25.534 [restartedMain] INFO  o.s.d.r.c.RepositoryConfigurationDelegate - Bootstrapping Spring Data JPA repositories in DEFAULT mode.
2024-01-03 09:49:25.602 [restartedMain] INFO  o.s.d.r.c.RepositoryConfigurationDelegate - Finished Spring Data repository scanning in 63 ms. Found 7 JPA repository interfaces.
2024-01-03 09:49:26.037 [restartedMain] INFO  o.s.b.w.e.tomcat.TomcatWebServer - Tomcat initialized with port(s): 8050 (http)
2024-01-03 09:49:26.044 [restartedMain] INFO  o.a.coyote.http11.Http11NioProtocol - Initializing ProtocolHandler ["http-nio-8050"]
2024-01-03 09:49:26.046 [restartedMain] INFO  o.a.catalina.core.StandardService - Starting service [Tomcat]
2024-01-03 09:49:26.046 [restartedMain] INFO  o.a.catalina.core.StandardEngine - Starting Servlet engine: [Apache Tomcat/10.1.16]
2024-01-03 09:49:26.096 [restartedMain] INFO  o.a.c.c.C.[Tomcat].[localhost].[/] - Initializing Spring embedded WebApplicationContext
2024-01-03 09:49:26.097 [restartedMain] INFO  o.s.b.w.s.c.ServletWebServerApplicationContext - Root WebApplicationContext: initialization completed in 1065 ms
2024-01-03 09:49:26.227 [restartedMain] INFO  o.h.jpa.internal.util.LogHelper - HHH000204: Processing PersistenceUnitInfo [name: default]
2024-01-03 09:49:26.276 [restartedMain] INFO  org.hibernate.Version - HHH000412: Hibernate ORM core version 6.2.13.Final
2024-01-03 09:49:26.277 [restartedMain] INFO  org.hibernate.cfg.Environment - HHH000406: Using bytecode reflection optimizer
2024-01-03 09:49:26.504 [restartedMain] INFO  o.s.o.j.p.SpringPersistenceUnitInfo - No LoadTimeWeaver setup: ignoring JPA class transformer
2024-01-03 09:49:26.525 [restartedMain] INFO  com.zaxxer.hikari.HikariDataSource - HikariPool-1 - Starting...
2024-01-03 09:49:26.756 [restartedMain] INFO  com.zaxxer.hikari.pool.HikariPool - HikariPool-1 - Added connection com.mysql.cj.jdbc.ConnectionImpl@61f08013
2024-01-03 09:49:26.758 [restartedMain] INFO  com.zaxxer.hikari.HikariDataSource - HikariPool-1 - Start completed.
2024-01-03 09:49:27.575 [restartedMain] INFO  o.h.e.t.j.p.i.JtaPlatformInitiator - HHH000489: No JTA platform available (set 'hibernate.transaction.jta.platform' to enable JTA platform integration)
2024-01-03 09:49:27.642 [restartedMain] INFO  o.s.o.j.LocalContainerEntityManagerFactoryBean - Initialized JPA EntityManagerFactory for persistence unit 'default'
2024-01-03 09:49:27.817 [restartedMain] INFO  o.s.d.j.r.query.QueryEnhancerFactory - Hibernate is in classpath; If applicable, HQL parser will be used.
2024-01-03 09:49:28.278 [restartedMain] WARN  o.s.b.a.o.j.JpaBaseConfiguration$JpaWebConfiguration - spring.jpa.open-in-view is enabled by default. Therefore, database queries may be performed during view rendering. Explicitly configure spring.jpa.open-in-view to disable this warning
2024-01-03 09:49:28.542 [restartedMain] INFO  o.s.b.d.a.OptionalLiveReloadServer - LiveReload server is running on port 35729
2024-01-03 09:49:28.554 [restartedMain] INFO  o.a.coyote.http11.Http11NioProtocol - Starting ProtocolHandler ["http-nio-8050"]
2024-01-03 09:49:28.574 [restartedMain] INFO  o.s.b.w.e.tomcat.TomcatWebServer - Tomcat started on port(s): 8050 (http) with context path ''
2024-01-03 09:49:28.580 [restartedMain] INFO  com.opnapp.OpnappApplication - Started OpnappApplication in 3.975 seconds (process running for 4.626)
2024-01-03 09:51:11.981 [http-nio-8050-exec-1] INFO  o.a.c.c.C.[Tomcat].[localhost].[/] - Initializing Spring DispatcherServlet 'dispatcherServlet'
2024-01-03 09:51:11.981 [http-nio-8050-exec-1] INFO  o.s.web.servlet.DispatcherServlet - Initializing Servlet 'dispatcherServlet'
2024-01-03 09:51:11.982 [http-nio-8050-exec-1] INFO  o.s.web.servlet.DispatcherServlet - Completed initialization in 1 ms
2024-01-03 09:51:22.025 [http-nio-8050-exec-4] INFO  c.opnapp.services.PlanterServiceImpl - Adding planter: com.opnapp.models.Planter@569b18b4
2024-01-03 09:51:22.032 [http-nio-8050-exec-4] WARN  o.s.w.s.m.m.a.ExceptionHandlerExceptionResolver - Resolved [com.opnapp.exception.InvalidEntityException: Planter height should be a positive integer]
2024-01-03 09:51:31.148 [http-nio-8050-exec-5] INFO  c.opnapp.services.PlanterServiceImpl - Viewing all planters
2024-01-03 09:51:31.148 [http-nio-8050-exec-5] INFO  com.opnapp.DAO.PlanterDAOImpl - Viewing all planters
2024-01-03 09:51:31.168 [http-nio-8050-exec-5] INFO  com.opnapp.DAO.PlanterDAOImpl - All planters viewed successfully: 62
2024-01-03 09:51:38.689 [http-nio-8050-exec-7] INFO  c.opnapp.services.PlanterServiceImpl - Deleting planter: 166
2024-01-03 09:51:38.710 [http-nio-8050-exec-7] INFO  com.opnapp.DAO.PlanterDAOImpl - Deleting planter with ID: 166
2024-01-03 09:51:38.733 [http-nio-8050-exec-7] INFO  com.opnapp.DAO.PlanterDAOImpl - Planter deleted successfully with ID: 166
2024-01-03 09:51:52.775 [http-nio-8050-exec-9] INFO  c.opnapp.services.PlanterServiceImpl - Updating planter: com.opnapp.models.Planter@71e79c2c
2024-01-03 09:51:52.775 [http-nio-8050-exec-9] INFO  com.opnapp.DAO.PlanterDAOImpl - Updating planter: com.opnapp.models.Planter@71e79c2c
2024-01-03 09:51:52.797 [http-nio-8050-exec-9] INFO  com.opnapp.DAO.PlanterDAOImpl - Planter updated successfully: com.opnapp.models.Planter@72fe72ba
2024-01-03 09:52:16.133 [http-nio-8050-exec-1] INFO  c.opnapp.services.PlanterServiceImpl - Viewing all planters
2024-01-03 09:52:16.133 [http-nio-8050-exec-1] INFO  com.opnapp.DAO.PlanterDAOImpl - Viewing all planters
2024-01-03 09:52:16.143 [http-nio-8050-exec-1] INFO  com.opnapp.DAO.PlanterDAOImpl - All planters viewed successfully: 61
2024-01-03 09:52:22.456 [http-nio-8050-exec-2] WARN  o.s.w.s.m.m.a.ExceptionHandlerExceptionResolver - Resolved [org.springframework.web.method.annotation.MethodArgumentTypeMismatchException: Failed to convert value of type 'java.lang.String' to required type 'java.lang.Long'; For input string: "undefined"]
2024-01-03 10:43:01.017 [HikariPool-1 housekeeper] WARN  com.zaxxer.hikari.pool.HikariPool - HikariPool-1 - Thread starvation or clock leap detected (housekeeper delta=31m4s714ms111µs300ns).
2024-01-03 14:57:21.485 [http-nio-8050-exec-9] INFO  c.opnapp.services.PlanterServiceImpl - Adding planter: com.opnapp.models.Planter@73db044
2024-01-03 14:57:21.493 [http-nio-8050-exec-9] WARN  o.s.w.s.m.m.a.ExceptionHandlerExceptionResolver - Resolved [com.opnapp.exception.InvalidEntityException: Planter height should be a positive integer]
2024-01-03 15:01:07.810 [http-nio-8050-exec-1] INFO  c.opnapp.services.PlanterServiceImpl - Adding planter: com.opnapp.models.Planter@288fac1d
2024-01-03 15:01:07.811 [http-nio-8050-exec-1] WARN  o.s.w.s.m.m.a.ExceptionHandlerExceptionResolver - Resolved [com.opnapp.exception.InvalidEntityException: Planter height should be a positive integer]
2024-01-03 15:01:22.673 [http-nio-8050-exec-2] INFO  c.opnapp.services.PlanterServiceImpl - Adding planter: com.opnapp.models.Planter@13676f97
2024-01-03 15:01:22.673 [http-nio-8050-exec-2] WARN  o.s.w.s.m.m.a.ExceptionHandlerExceptionResolver - Resolved [com.opnapp.exception.InvalidEntityException: Planter height should be a positive integer]
2024-01-03 15:03:57.616 [http-nio-8050-exec-4] INFO  c.opnapp.services.PlanterServiceImpl - Adding planter: com.opnapp.models.Planter@56dfece0
2024-01-03 15:03:57.617 [http-nio-8050-exec-4] WARN  o.s.w.s.m.m.a.ExceptionHandlerExceptionResolver - Resolved [com.opnapp.exception.InvalidEntityException: Planter height should be a positive integer]
2024-01-03 15:46:38.352 [http-nio-8050-exec-7] INFO  c.opnapp.services.PlanterServiceImpl - Viewing all planters
2024-01-03 15:46:38.353 [http-nio-8050-exec-7] INFO  com.opnapp.DAO.PlanterDAOImpl - Viewing all planters
2024-01-03 15:46:38.370 [http-nio-8050-exec-7] INFO  com.opnapp.DAO.PlanterDAOImpl - All planters viewed successfully: 61
2024-01-03 15:49:08.721 [http-nio-8050-exec-10] INFO  c.opnapp.services.PlanterServiceImpl - Viewing all planters
2024-01-03 15:49:08.722 [http-nio-8050-exec-10] INFO  com.opnapp.DAO.PlanterDAOImpl - Viewing all planters
2024-01-03 15:49:08.731 [http-nio-8050-exec-10] INFO  com.opnapp.DAO.PlanterDAOImpl - All planters viewed successfully: 61
2024-01-03 15:55:23.057 [http-nio-8050-exec-3] INFO  c.opnapp.services.PlanterServiceImpl - Viewing all planters
2024-01-03 15:55:23.057 [http-nio-8050-exec-3] INFO  com.opnapp.DAO.PlanterDAOImpl - Viewing all planters
2024-01-03 15:55:23.066 [http-nio-8050-exec-3] INFO  com.opnapp.DAO.PlanterDAOImpl - All planters viewed successfully: 61
2024-01-03 19:40:08.371 [HikariPool-1 housekeeper] WARN  com.zaxxer.hikari.pool.HikariPool - HikariPool-1 - Thread starvation or clock leap detected (housekeeper delta=1h47m35s801ms214µs).
2024-01-03 19:55:58.604 [http-nio-8050-exec-7] INFO  c.opnapp.services.PlanterServiceImpl - Viewing all planters
2024-01-03 19:55:58.605 [http-nio-8050-exec-7] INFO  com.opnapp.DAO.PlanterDAOImpl - Viewing all planters
2024-01-03 19:55:58.611 [http-nio-8050-exec-7] INFO  com.opnapp.DAO.PlanterDAOImpl - All planters viewed successfully: 61
2024-01-03 20:04:29.531 [http-nio-8050-exec-10] INFO  c.opnapp.services.PlanterServiceImpl - Viewing all planters
2024-01-03 20:04:29.532 [http-nio-8050-exec-10] INFO  com.opnapp.DAO.PlanterDAOImpl - Viewing all planters
2024-01-03 20:04:29.536 [http-nio-8050-exec-10] INFO  com.opnapp.DAO.PlanterDAOImpl - All planters viewed successfully: 61
2024-01-03 20:05:38.172 [http-nio-8050-exec-3] INFO  c.opnapp.services.PlanterServiceImpl - Viewing all planters
2024-01-03 20:05:38.172 [http-nio-8050-exec-3] INFO  com.opnapp.DAO.PlanterDAOImpl - Viewing all planters
2024-01-03 20:05:38.177 [http-nio-8050-exec-3] INFO  com.opnapp.DAO.PlanterDAOImpl - All planters viewed successfully: 61
2024-01-03 20:08:21.324 [http-nio-8050-exec-6] INFO  c.opnapp.services.PlanterServiceImpl - Viewing all planters
2024-01-03 20:08:21.324 [http-nio-8050-exec-6] INFO  com.opnapp.DAO.PlanterDAOImpl - Viewing all planters
2024-01-03 20:08:21.329 [http-nio-8050-exec-6] INFO  com.opnapp.DAO.PlanterDAOImpl - All planters viewed successfully: 61
2024-01-03 20:12:16.905 [http-nio-8050-exec-9] INFO  c.opnapp.services.PlanterServiceImpl - Viewing all planters
2024-01-03 20:12:16.906 [http-nio-8050-exec-9] INFO  com.opnapp.DAO.PlanterDAOImpl - Viewing all planters
2024-01-03 20:12:16.911 [http-nio-8050-exec-9] INFO  com.opnapp.DAO.PlanterDAOImpl - All planters viewed successfully: 61
2024-01-03 20:13:45.353 [http-nio-8050-exec-2] INFO  c.opnapp.services.PlanterServiceImpl - Viewing all planters
2024-01-03 20:13:45.354 [http-nio-8050-exec-2] INFO  com.opnapp.DAO.PlanterDAOImpl - Viewing all planters
2024-01-03 20:13:45.358 [http-nio-8050-exec-2] INFO  com.opnapp.DAO.PlanterDAOImpl - All planters viewed successfully: 61
2024-01-03 20:26:21.636 [http-nio-8050-exec-6] INFO  c.opnapp.services.PlanterServiceImpl - Viewing all planters
2024-01-03 20:26:21.636 [http-nio-8050-exec-6] INFO  com.opnapp.DAO.PlanterDAOImpl - Viewing all planters
2024-01-03 20:26:21.640 [http-nio-8050-exec-6] INFO  com.opnapp.DAO.PlanterDAOImpl - All planters viewed successfully: 61
2024-01-03 20:28:05.668 [http-nio-8050-exec-9] INFO  c.opnapp.services.PlanterServiceImpl - Viewing all planters
2024-01-03 20:28:05.668 [http-nio-8050-exec-9] INFO  com.opnapp.DAO.PlanterDAOImpl - Viewing all planters
2024-01-03 20:28:05.671 [http-nio-8050-exec-9] INFO  com.opnapp.DAO.PlanterDAOImpl - All planters viewed successfully: 61
2024-01-03 20:29:52.949 [http-nio-8050-exec-2] INFO  c.opnapp.services.PlanterServiceImpl - Updating planter: com.opnapp.models.Planter@1e93201
2024-01-03 20:29:52.949 [http-nio-8050-exec-2] INFO  com.opnapp.DAO.PlanterDAOImpl - Updating planter: com.opnapp.models.Planter@1e93201
2024-01-03 20:29:52.979 [http-nio-8050-exec-2] INFO  com.opnapp.DAO.PlanterDAOImpl - Planter updated successfully: com.opnapp.models.Planter@4002c5a1
2024-01-03 20:31:41.643 [http-nio-8050-exec-5] INFO  c.opnapp.services.PlanterServiceImpl - Viewing all planters
2024-01-03 20:31:41.643 [http-nio-8050-exec-5] INFO  com.opnapp.DAO.PlanterDAOImpl - Viewing all planters
2024-01-03 20:31:41.647 [http-nio-8050-exec-5] INFO  com.opnapp.DAO.PlanterDAOImpl - All planters viewed successfully: 61
2024-01-03 20:31:49.690 [http-nio-8050-exec-6] INFO  c.opnapp.services.PlanterServiceImpl - Updating planter: com.opnapp.models.Planter@3ed1e861
2024-01-03 20:31:49.690 [http-nio-8050-exec-6] INFO  com.opnapp.DAO.PlanterDAOImpl - Updating planter: com.opnapp.models.Planter@3ed1e861
2024-01-03 20:31:49.696 [http-nio-8050-exec-6] INFO  com.opnapp.DAO.PlanterDAOImpl - Planter updated successfully: com.opnapp.models.Planter@7c82256c
2024-01-03 20:33:41.267 [http-nio-8050-exec-9] INFO  c.opnapp.services.PlanterServiceImpl - Viewing all planters
2024-01-03 20:33:41.268 [http-nio-8050-exec-9] INFO  com.opnapp.DAO.PlanterDAOImpl - Viewing all planters
2024-01-03 20:33:41.271 [http-nio-8050-exec-9] INFO  com.opnapp.DAO.PlanterDAOImpl - All planters viewed successfully: 61
2024-01-03 20:33:48.261 [http-nio-8050-exec-10] INFO  c.opnapp.services.PlanterServiceImpl - Updating planter: com.opnapp.models.Planter@27d78185
2024-01-03 20:33:48.261 [http-nio-8050-exec-10] INFO  com.opnapp.DAO.PlanterDAOImpl - Updating planter: com.opnapp.models.Planter@27d78185
2024-01-03 20:33:48.278 [http-nio-8050-exec-10] INFO  com.opnapp.DAO.PlanterDAOImpl - Planter updated successfully: com.opnapp.models.Planter@3ed9b2
2024-01-03 20:41:10.670 [http-nio-8050-exec-5] INFO  c.opnapp.services.PlanterServiceImpl - Viewing all planters
2024-01-03 20:41:10.671 [http-nio-8050-exec-5] INFO  com.opnapp.DAO.PlanterDAOImpl - Viewing all planters
2024-01-03 20:41:10.675 [http-nio-8050-exec-5] INFO  com.opnapp.DAO.PlanterDAOImpl - All planters viewed successfully: 61
2024-01-03 20:41:28.304 [http-nio-8050-exec-6] INFO  c.opnapp.services.PlanterServiceImpl - Updating planter: com.opnapp.models.Planter@32b6bb2e
2024-01-03 20:41:28.304 [http-nio-8050-exec-6] INFO  com.opnapp.DAO.PlanterDAOImpl - Updating planter: com.opnapp.models.Planter@32b6bb2e
2024-01-03 20:41:28.310 [http-nio-8050-exec-6] INFO  com.opnapp.DAO.PlanterDAOImpl - Planter updated successfully: com.opnapp.models.Planter@4e60b9c
2024-01-03 20:42:41.241 [http-nio-8050-exec-9] INFO  c.opnapp.services.PlanterServiceImpl - Viewing all planters
2024-01-03 20:42:41.241 [http-nio-8050-exec-9] INFO  com.opnapp.DAO.PlanterDAOImpl - Viewing all planters
2024-01-03 20:42:41.246 [http-nio-8050-exec-9] INFO  com.opnapp.DAO.PlanterDAOImpl - All planters viewed successfully: 61
2024-01-03 20:42:51.063 [http-nio-8050-exec-10] INFO  c.opnapp.services.PlanterServiceImpl - Updating planter: com.opnapp.models.Planter@4b7df37f
2024-01-03 20:42:51.063 [http-nio-8050-exec-10] INFO  com.opnapp.DAO.PlanterDAOImpl - Updating planter: com.opnapp.models.Planter@4b7df37f
2024-01-03 20:42:51.070 [http-nio-8050-exec-10] INFO  com.opnapp.DAO.PlanterDAOImpl - Planter updated successfully: com.opnapp.models.Planter@46e3d79f
2024-01-03 20:42:52.737 [http-nio-8050-exec-1] INFO  c.opnapp.services.PlanterServiceImpl - Viewing all planters
2024-01-03 20:42:52.737 [http-nio-8050-exec-1] INFO  com.opnapp.DAO.PlanterDAOImpl - Viewing all planters
2024-01-03 20:42:52.741 [http-nio-8050-exec-1] INFO  com.opnapp.DAO.PlanterDAOImpl - All planters viewed successfully: 61
2024-01-03 20:43:34.208 [http-nio-8050-exec-2] WARN  o.s.w.s.m.m.a.ExceptionHandlerExceptionResolver - Resolved [org.springframework.web.method.annotation.MethodArgumentTypeMismatchException: Failed to convert value of type 'java.lang.String' to required type 'java.lang.Long'; For input string: "undefined"]
2024-01-03 20:43:48.163 [http-nio-8050-exec-3] INFO  c.opnapp.services.PlanterServiceImpl - Viewing planter by ID: 167
2024-01-03 20:43:48.163 [http-nio-8050-exec-3] INFO  com.opnapp.DAO.PlanterDAOImpl - Viewing planter by ID: 167
2024-01-03 20:43:48.165 [http-nio-8050-exec-3] INFO  com.opnapp.DAO.PlanterDAOImpl - Planter viewed successfully: com.opnapp.models.Planter@74a036a8
2024-01-03 20:49:12.597 [http-nio-8050-exec-6] INFO  c.opnapp.services.PlanterServiceImpl - Viewing all planters
2024-01-03 20:49:12.597 [http-nio-8050-exec-6] INFO  com.opnapp.DAO.PlanterDAOImpl - Viewing all planters
2024-01-03 20:49:12.601 [http-nio-8050-exec-6] INFO  com.opnapp.DAO.PlanterDAOImpl - All planters viewed successfully: 61
2024-01-03 20:50:25.968 [http-nio-8050-exec-9] INFO  c.opnapp.services.PlanterServiceImpl - Viewing all planters
2024-01-03 20:50:25.968 [http-nio-8050-exec-9] INFO  com.opnapp.DAO.PlanterDAOImpl - Viewing all planters
2024-01-03 20:50:25.972 [http-nio-8050-exec-9] INFO  com.opnapp.DAO.PlanterDAOImpl - All planters viewed successfully: 61
2024-01-03 20:50:42.398 [http-nio-8050-exec-10] INFO  c.opnapp.services.PlanterServiceImpl - Viewing all planters
2024-01-03 20:50:42.398 [http-nio-8050-exec-10] INFO  com.opnapp.DAO.PlanterDAOImpl - Viewing all planters
2024-01-03 20:50:42.402 [http-nio-8050-exec-10] INFO  com.opnapp.DAO.PlanterDAOImpl - All planters viewed successfully: 61
2024-01-03 20:50:47.610 [http-nio-8050-exec-1] INFO  c.opnapp.services.PlanterServiceImpl - Viewing all planters
2024-01-03 20:50:47.610 [http-nio-8050-exec-1] INFO  com.opnapp.DAO.PlanterDAOImpl - Viewing all planters
2024-01-03 20:50:47.614 [http-nio-8050-exec-1] INFO  com.opnapp.DAO.PlanterDAOImpl - All planters viewed successfully: 61
2024-01-03 21:08:05.450 [http-nio-8050-exec-7] WARN  o.s.w.s.m.m.a.ExceptionHandlerExceptionResolver - Resolved [java.lang.NumberFormatException: For input string: "undefined"]
2024-01-03 21:08:32.764 [http-nio-8050-exec-8] INFO  c.opnapp.services.PlanterServiceImpl - Viewing planters by cost range: 10.0 - 15.0
2024-01-03 21:08:32.764 [http-nio-8050-exec-8] INFO  com.opnapp.DAO.PlanterDAOImpl - Viewing planters by cost range: 10.0 - 15.0
2024-01-03 21:08:32.782 [http-nio-8050-exec-8] INFO  com.opnapp.DAO.PlanterDAOImpl - Planters viewed successfully by cost range: 1
2024-01-03 21:10:22.302 [http-nio-8050-exec-1] WARN  o.s.w.s.m.m.a.ExceptionHandlerExceptionResolver - Resolved [java.lang.NumberFormatException: For input string: "undefined"]
2024-01-03 21:10:29.619 [http-nio-8050-exec-2] INFO  c.opnapp.services.PlanterServiceImpl - Viewing planter by shape: undefined
2024-01-03 21:10:29.619 [http-nio-8050-exec-2] INFO  com.opnapp.DAO.PlanterDAOImpl - Viewing planters by shape: undefined
2024-01-03 21:10:29.623 [http-nio-8050-exec-2] INFO  com.opnapp.DAO.PlanterDAOImpl - Planters viewed successfully by shape: 0
2024-01-03 21:17:43.766 [http-nio-8050-exec-5] INFO  c.opnapp.services.PlanterServiceImpl - Viewing all planters
2024-01-03 21:17:43.766 [http-nio-8050-exec-5] INFO  com.opnapp.DAO.PlanterDAOImpl - Viewing all planters
2024-01-03 21:17:43.770 [http-nio-8050-exec-5] INFO  com.opnapp.DAO.PlanterDAOImpl - All planters viewed successfully: 61
2024-01-03 21:20:05.511 [http-nio-8050-exec-8] INFO  c.opnapp.services.PlanterServiceImpl - Viewing all planters
2024-01-03 21:20:05.512 [http-nio-8050-exec-8] INFO  com.opnapp.DAO.PlanterDAOImpl - Viewing all planters
2024-01-03 21:20:05.517 [http-nio-8050-exec-8] INFO  com.opnapp.DAO.PlanterDAOImpl - All planters viewed successfully: 61
2024-01-03 21:22:52.838 [http-nio-8050-exec-1] INFO  c.opnapp.services.PlanterServiceImpl - Viewing all planters
2024-01-03 21:22:52.839 [http-nio-8050-exec-1] INFO  com.opnapp.DAO.PlanterDAOImpl - Viewing all planters
2024-01-03 21:22:52.844 [http-nio-8050-exec-1] INFO  com.opnapp.DAO.PlanterDAOImpl - All planters viewed successfully: 61
2024-01-03 21:25:23.447 [http-nio-8050-exec-4] WARN  o.s.w.s.m.m.a.ExceptionHandlerExceptionResolver - Resolved [org.springframework.web.method.annotation.MethodArgumentTypeMismatchException: Failed to convert value of type 'java.lang.String' to required type 'java.lang.Long'; For input string: "undefined"]
2024-01-03 21:25:46.762 [http-nio-8050-exec-5] INFO  c.opnapp.services.PlanterServiceImpl - Viewing planter by ID: 167
2024-01-03 21:25:46.763 [http-nio-8050-exec-5] INFO  com.opnapp.DAO.PlanterDAOImpl - Viewing planter by ID: 167
2024-01-03 21:25:46.767 [http-nio-8050-exec-5] INFO  com.opnapp.DAO.PlanterDAOImpl - Planter viewed successfully: com.opnapp.models.Planter@6bb27839
2024-01-03 21:26:10.009 [http-nio-8050-exec-7] INFO  c.opnapp.services.PlanterServiceImpl - Deleting planter: 167
2024-01-03 21:26:10.017 [http-nio-8050-exec-7] INFO  com.opnapp.DAO.PlanterDAOImpl - Deleting planter with ID: 167
2024-01-03 21:26:10.063 [http-nio-8050-exec-7] INFO  com.opnapp.DAO.PlanterDAOImpl - Planter deleted successfully with ID: 167
2024-01-03 21:26:14.172 [http-nio-8050-exec-8] INFO  c.opnapp.services.PlanterServiceImpl - Viewing planter by ID: 167
2024-01-03 21:26:14.173 [http-nio-8050-exec-8] INFO  com.opnapp.DAO.PlanterDAOImpl - Viewing planter by ID: 167
2024-01-03 21:26:14.178 [http-nio-8050-exec-8] WARN  com.opnapp.DAO.PlanterDAOImpl - Planter with ID 167 not found
2024-01-03 21:26:14.180 [http-nio-8050-exec-8] WARN  o.s.w.s.m.m.a.ExceptionHandlerExceptionResolver - Resolved [com.opnapp.exception.InvalidEntityException: Planter with ID167not found]
2024-01-03 21:26:52.158 [http-nio-8050-exec-10] INFO  c.opnapp.services.PlanterServiceImpl - Adding planter: com.opnapp.models.Planter@4d59ef58
2024-01-03 21:26:52.160 [http-nio-8050-exec-10] WARN  o.s.w.s.m.m.a.ExceptionHandlerExceptionResolver - Resolved [com.opnapp.exception.InvalidEntityException: Planter height should be a positive integer]
2024-01-03 21:29:59.378 [File Watcher] INFO  o.s.b.d.a.LocalDevToolsAutoConfiguration$RestartingClassPathChangeChangedEventListener - Restarting due to 4 class path changes (0 additions, 0 deletions, 4 modifications)
2024-01-03 21:29:59.394 [Thread-5] INFO  o.a.coyote.http11.Http11NioProtocol - Pausing ProtocolHandler ["http-nio-8050"]
2024-01-03 21:29:59.395 [Thread-5] INFO  o.a.catalina.core.StandardService - Stopping service [Tomcat]
2024-01-03 21:29:59.397 [Thread-5] INFO  o.a.c.c.C.[Tomcat].[localhost].[/] - Destroying Spring FrameworkServlet 'dispatcherServlet'
2024-01-03 21:29:59.405 [Thread-5] INFO  o.a.coyote.http11.Http11NioProtocol - Stopping ProtocolHandler ["http-nio-8050"]
2024-01-03 21:29:59.408 [Thread-5] INFO  o.a.coyote.http11.Http11NioProtocol - Destroying ProtocolHandler ["http-nio-8050"]
2024-01-03 21:29:59.412 [Thread-5] INFO  o.s.o.j.LocalContainerEntityManagerFactoryBean - Closing JPA EntityManagerFactory for persistence unit 'default'
2024-01-03 21:29:59.419 [Thread-5] INFO  com.zaxxer.hikari.HikariDataSource - HikariPool-1 - Shutdown initiated...
2024-01-03 21:29:59.424 [Thread-5] INFO  com.zaxxer.hikari.HikariDataSource - HikariPool-1 - Shutdown completed.
2024-01-03 21:29:59.549 [restartedMain] INFO  com.opnapp.OpnappApplication - Starting OpnappApplication using Java 17.0.8 with PID 11036 (C:\Users\GPRITHAM\Desktop\FinalProject\opnapp\target\classes started by gpritham in C:\Users\GPRITHAM\Desktop\FinalProject\opnapp)
2024-01-03 21:29:59.549 [restartedMain] INFO  com.opnapp.OpnappApplication - No active profile set, falling back to 1 default profile: "default"
2024-01-03 21:29:59.711 [restartedMain] INFO  o.s.d.r.c.RepositoryConfigurationDelegate - Bootstrapping Spring Data JPA repositories in DEFAULT mode.
2024-01-03 21:29:59.733 [restartedMain] INFO  o.s.d.r.c.RepositoryConfigurationDelegate - Finished Spring Data repository scanning in 22 ms. Found 7 JPA repository interfaces.
2024-01-03 21:29:59.822 [restartedMain] INFO  o.s.b.w.e.tomcat.TomcatWebServer - Tomcat initialized with port(s): 8050 (http)
2024-01-03 21:29:59.822 [restartedMain] INFO  o.a.coyote.http11.Http11NioProtocol - Initializing ProtocolHandler ["http-nio-8050"]
2024-01-03 21:29:59.822 [restartedMain] INFO  o.a.catalina.core.StandardService - Starting service [Tomcat]
2024-01-03 21:29:59.822 [restartedMain] INFO  o.a.catalina.core.StandardEngine - Starting Servlet engine: [Apache Tomcat/10.1.16]
2024-01-03 21:29:59.846 [restartedMain] INFO  o.a.c.c.C.[Tomcat].[localhost].[/] - Initializing Spring embedded WebApplicationContext
2024-01-03 21:29:59.846 [restartedMain] INFO  o.s.b.w.s.c.ServletWebServerApplicationContext - Root WebApplicationContext: initialization completed in 295 ms
2024-01-03 21:29:59.891 [restartedMain] INFO  o.h.jpa.internal.util.LogHelper - HHH000204: Processing PersistenceUnitInfo [name: default]
2024-01-03 21:29:59.899 [restartedMain] INFO  o.s.o.j.p.SpringPersistenceUnitInfo - No LoadTimeWeaver setup: ignoring JPA class transformer
2024-01-03 21:29:59.900 [restartedMain] INFO  com.zaxxer.hikari.HikariDataSource - HikariPool-2 - Starting...
2024-01-03 21:29:59.913 [restartedMain] INFO  com.zaxxer.hikari.pool.HikariPool - HikariPool-2 - Added connection com.mysql.cj.jdbc.ConnectionImpl@7319bf8d
2024-01-03 21:29:59.914 [restartedMain] INFO  com.zaxxer.hikari.HikariDataSource - HikariPool-2 - Start completed.
2024-01-03 21:30:00.041 [restartedMain] INFO  o.h.e.t.j.p.i.JtaPlatformInitiator - HHH000489: No JTA platform available (set 'hibernate.transaction.jta.platform' to enable JTA platform integration)
2024-01-03 21:30:00.075 [restartedMain] INFO  o.s.o.j.LocalContainerEntityManagerFactoryBean - Initialized JPA EntityManagerFactory for persistence unit 'default'
2024-01-03 21:30:00.298 [restartedMain] WARN  o.s.b.a.o.j.JpaBaseConfiguration$JpaWebConfiguration - spring.jpa.open-in-view is enabled by default. Therefore, database queries may be performed during view rendering. Explicitly configure spring.jpa.open-in-view to disable this warning
2024-01-03 21:30:00.418 [restartedMain] INFO  o.s.b.d.a.OptionalLiveReloadServer - LiveReload server is running on port 35729
2024-01-03 21:30:00.427 [restartedMain] INFO  o.a.coyote.http11.Http11NioProtocol - Starting ProtocolHandler ["http-nio-8050"]
2024-01-03 21:30:00.431 [restartedMain] INFO  o.s.b.w.e.tomcat.TomcatWebServer - Tomcat started on port(s): 8050 (http) with context path ''
2024-01-03 21:30:00.434 [restartedMain] INFO  com.opnapp.OpnappApplication - Started OpnappApplication in 0.913 seconds (process running for 42042.791)
2024-01-03 21:30:00.436 [restartedMain] INFO  o.s.b.d.a.ConditionEvaluationDeltaLoggingListener - Condition evaluation unchanged
2024-01-03 21:30:03.681 [RMI TCP Connection(573)-127.0.0.1] INFO  o.s.b.a.SpringApplicationAdminMXBeanRegistrar$SpringApplicationAdmin - Application shutdown requested.
2024-01-03 21:30:03.689 [RMI TCP Connection(573)-127.0.0.1] INFO  o.a.coyote.http11.Http11NioProtocol - Pausing ProtocolHandler ["http-nio-8050"]
2024-01-03 21:30:03.689 [RMI TCP Connection(573)-127.0.0.1] INFO  o.a.catalina.core.StandardService - Stopping service [Tomcat]
2024-01-03 21:30:03.690 [RMI TCP Connection(573)-127.0.0.1] INFO  o.a.coyote.http11.Http11NioProtocol - Stopping ProtocolHandler ["http-nio-8050"]
2024-01-03 21:30:03.691 [RMI TCP Connection(573)-127.0.0.1] INFO  o.a.coyote.http11.Http11NioProtocol - Destroying ProtocolHandler ["http-nio-8050"]
2024-01-03 21:30:03.693 [RMI TCP Connection(573)-127.0.0.1] INFO  o.s.o.j.LocalContainerEntityManagerFactoryBean - Closing JPA EntityManagerFactory for persistence unit 'default'
2024-01-03 21:30:03.694 [RMI TCP Connection(573)-127.0.0.1] INFO  com.zaxxer.hikari.HikariDataSource - HikariPool-2 - Shutdown initiated...
2024-01-03 21:30:03.698 [RMI TCP Connection(573)-127.0.0.1] INFO  com.zaxxer.hikari.HikariDataSource - HikariPool-2 - Shutdown completed.
