2024-01-15 10:17:27.358 [HikariPool-1 housekeeper] WARN  com.zaxxer.hikari.pool.HikariPool - HikariPool-1 - Thread starvation or clock leap detected (housekeeper delta=1d16h59m54s252ms313µs200ns).
2024-01-15 12:34:47.216 [http-nio-8050-exec-4] INFO  c.opnapp.services.PlantServiceImpl - Viewing all plants
2024-01-15 12:34:47.218 [http-nio-8050-exec-4] INFO  com.opnapp.DAO.PlantDaoImpl - Viewing all plants
2024-01-15 12:35:12.285 [http-nio-8050-exec-5] INFO  c.opnapp.services.PlantServiceImpl - Viewing plant by ID
2024-01-15 12:35:12.292 [http-nio-8050-exec-5] INFO  com.opnapp.DAO.PlantDaoImpl - Viewing plant with ID: 11
2024-01-15 12:35:28.123 [http-nio-8050-exec-6] INFO  c.opnapp.services.PlantServiceImpl - Viewing plants by common name
2024-01-15 12:35:28.123 [http-nio-8050-exec-6] INFO  com.opnapp.DAO.PlantDaoImpl - Viewing plants by common name: Red Rose
2024-01-15 12:38:36.617 [http-nio-8050-exec-9] INFO  c.opnapp.services.PlantServiceImpl - Viewing all plants
2024-01-15 12:38:36.617 [http-nio-8050-exec-9] INFO  com.opnapp.DAO.PlantDaoImpl - Viewing all plants
2024-01-15 12:38:53.810 [http-nio-8050-exec-10] INFO  com.opnapp.services.SeedServiceImpl - Viewing all seeds
2024-01-15 12:38:53.811 [http-nio-8050-exec-10] INFO  com.opnapp.DAO.SeedDaoImpl - Viewing all seeds
2024-01-15 12:38:53.830 [http-nio-8050-exec-10] INFO  com.opnapp.DAO.SeedDaoImpl - All seeds found: [com.opnapp.models.Seed@1f14ea1d, com.opnapp.models.Seed@749a5732, com.opnapp.models.Seed@645656d4, com.opnapp.models.Seed@74c1fb4e, com.opnapp.models.Seed@54569f6b, com.opnapp.models.Seed@3675ee3c, com.opnapp.models.Seed@7f488daa, com.opnapp.models.Seed@422ac109, com.opnapp.models.Seed@3cda32e5, com.opnapp.models.Seed@6e8ba138]
2024-01-15 12:38:53.830 [http-nio-8050-exec-10] INFO  com.opnapp.services.SeedServiceImpl - All seeds found: [com.opnapp.models.Seed@1f14ea1d, com.opnapp.models.Seed@749a5732, com.opnapp.models.Seed@645656d4, com.opnapp.models.Seed@74c1fb4e, com.opnapp.models.Seed@54569f6b, com.opnapp.models.Seed@3675ee3c, com.opnapp.models.Seed@7f488daa, com.opnapp.models.Seed@422ac109, com.opnapp.models.Seed@3cda32e5, com.opnapp.models.Seed@6e8ba138]
2024-01-15 12:38:58.052 [http-nio-8050-exec-1] INFO  c.opnapp.services.PlanterServiceImpl - Viewing all planters
2024-01-15 12:38:58.053 [http-nio-8050-exec-1] INFO  com.opnapp.DAO.PlanterDAOImpl - Viewing all planters
2024-01-15 12:38:58.057 [http-nio-8050-exec-1] INFO  com.opnapp.DAO.PlanterDAOImpl - All planters viewed successfully: 9
2024-01-15 12:39:00.040 [http-nio-8050-exec-2] INFO  c.opnapp.services.PlantServiceImpl - Viewing all plants
2024-01-15 12:39:00.041 [http-nio-8050-exec-2] INFO  com.opnapp.DAO.PlantDaoImpl - Viewing all plants
2024-01-15 12:41:50.271 [http-nio-8050-exec-5] INFO  c.opnapp.services.PlantServiceImpl - Viewing all plants
2024-01-15 12:41:50.271 [http-nio-8050-exec-5] INFO  com.opnapp.DAO.PlantDaoImpl - Viewing all plants
2024-01-15 12:41:58.990 [http-nio-8050-exec-6] INFO  c.opnapp.services.PlantServiceImpl - Viewing plant by ID
2024-01-15 12:41:58.990 [http-nio-8050-exec-6] INFO  com.opnapp.DAO.PlantDaoImpl - Viewing plant with ID: 11
2024-01-15 12:46:40.194 [http-nio-8050-exec-9] INFO  c.opnapp.services.PlantServiceImpl - Viewing all plants
2024-01-15 12:46:40.194 [http-nio-8050-exec-9] INFO  com.opnapp.DAO.PlantDaoImpl - Viewing all plants
2024-01-15 12:46:55.396 [http-nio-8050-exec-10] INFO  c.opnapp.services.PlantServiceImpl - Viewing plant by ID
2024-01-15 12:46:55.397 [http-nio-8050-exec-10] INFO  com.opnapp.DAO.PlantDaoImpl - Viewing plant with ID: 11
2024-01-15 12:49:42.392 [http-nio-8050-exec-3] INFO  c.opnapp.services.PlantServiceImpl - Updating plant
2024-01-15 12:49:42.399 [http-nio-8050-exec-3] INFO  com.opnapp.DAO.PlantDaoImpl - Updating plant with ID: 11
2024-01-15 12:49:42.410 [http-nio-8050-exec-3] INFO  com.opnapp.DAO.PlantDaoImpl - Plant updated successfully
2024-01-15 12:50:11.718 [http-nio-8050-exec-4] INFO  c.opnapp.services.PlantServiceImpl - Viewing plant by ID
2024-01-15 12:50:11.719 [http-nio-8050-exec-4] INFO  com.opnapp.DAO.PlantDaoImpl - Viewing plant with ID: 11
2024-01-15 12:50:23.477 [http-nio-8050-exec-5] INFO  c.opnapp.services.PlantServiceImpl - Viewing plants by common name
2024-01-15 12:50:23.477 [http-nio-8050-exec-5] INFO  com.opnapp.DAO.PlantDaoImpl - Viewing plants by common name: RedRose
2024-01-15 12:50:34.891 [http-nio-8050-exec-6] INFO  c.opnapp.services.PlantServiceImpl - Viewing all plants by type
2024-01-15 12:50:34.891 [http-nio-8050-exec-6] INFO  com.opnapp.DAO.PlantDaoImpl - Viewing all plants by type: Lily
2024-01-15 12:51:33.702 [http-nio-8050-exec-8] INFO  c.opnapp.services.PlantServiceImpl - Adding a new plant
2024-01-15 12:51:33.703 [http-nio-8050-exec-8] INFO  com.opnapp.DAO.PlantDaoImpl - Adding plant: com.opnapp.models.Plant@362b0fdd
2024-01-15 12:51:33.729 [http-nio-8050-exec-8] WARN  o.s.w.s.m.m.a.ExceptionHandlerExceptionResolver - Resolved [org.springframework.dao.InvalidDataAccessApiUsageException: The given id must not be null]
2024-01-15 12:51:37.701 [http-nio-8050-exec-9] INFO  c.opnapp.services.PlantServiceImpl - Adding a new plant
2024-01-15 12:51:37.701 [http-nio-8050-exec-9] INFO  com.opnapp.DAO.PlantDaoImpl - Adding plant: com.opnapp.models.Plant@309824
2024-01-15 12:51:37.705 [http-nio-8050-exec-9] WARN  o.s.w.s.m.m.a.ExceptionHandlerExceptionResolver - Resolved [org.springframework.dao.InvalidDataAccessApiUsageException: The given id must not be null]
2024-01-15 12:51:38.644 [http-nio-8050-exec-10] INFO  c.opnapp.services.PlantServiceImpl - Adding a new plant
2024-01-15 12:51:38.644 [http-nio-8050-exec-10] INFO  com.opnapp.DAO.PlantDaoImpl - Adding plant: com.opnapp.models.Plant@4593c715
2024-01-15 12:51:38.647 [http-nio-8050-exec-10] WARN  o.s.w.s.m.m.a.ExceptionHandlerExceptionResolver - Resolved [org.springframework.dao.InvalidDataAccessApiUsageException: The given id must not be null]
2024-01-15 12:51:57.180 [http-nio-8050-exec-1] INFO  c.opnapp.services.PlantServiceImpl - Adding a new plant
2024-01-15 12:51:57.180 [http-nio-8050-exec-1] INFO  com.opnapp.DAO.PlantDaoImpl - Adding plant: com.opnapp.models.Plant@8a19350
2024-01-15 12:51:57.183 [http-nio-8050-exec-1] WARN  o.s.w.s.m.m.a.ExceptionHandlerExceptionResolver - Resolved [org.springframework.dao.InvalidDataAccessApiUsageException: The given id must not be null]
2024-01-15 12:52:13.423 [http-nio-8050-exec-2] INFO  c.opnapp.services.PlantServiceImpl - Adding a new plant
2024-01-15 12:52:13.423 [http-nio-8050-exec-2] INFO  com.opnapp.DAO.PlantDaoImpl - Adding plant: com.opnapp.models.Plant@7c6e69e4
2024-01-15 12:52:13.425 [http-nio-8050-exec-2] WARN  o.s.w.s.m.m.a.ExceptionHandlerExceptionResolver - Resolved [org.springframework.dao.InvalidDataAccessApiUsageException: The given id must not be null]
2024-01-15 12:52:27.165 [http-nio-8050-exec-3] INFO  c.opnapp.services.PlantServiceImpl - Adding a new plant
2024-01-15 12:52:27.165 [http-nio-8050-exec-3] INFO  com.opnapp.DAO.PlantDaoImpl - Adding plant: com.opnapp.models.Plant@6928db51
2024-01-15 12:52:27.168 [http-nio-8050-exec-3] WARN  o.s.w.s.m.m.a.ExceptionHandlerExceptionResolver - Resolved [org.springframework.dao.InvalidDataAccessApiUsageException: The given id must not be null]
2024-01-15 12:54:18.532 [http-nio-8050-exec-4] INFO  c.opnapp.services.PlantServiceImpl - Adding a new plant
2024-01-15 12:54:18.532 [http-nio-8050-exec-4] INFO  com.opnapp.DAO.PlantDaoImpl - Adding plant: com.opnapp.models.Plant@547b2b3e
2024-01-15 12:54:18.535 [http-nio-8050-exec-4] WARN  o.s.w.s.m.m.a.ExceptionHandlerExceptionResolver - Resolved [org.springframework.dao.InvalidDataAccessApiUsageException: The given id must not be null]
2024-01-15 12:55:03.179 [File Watcher] INFO  o.s.b.d.a.LocalDevToolsAutoConfiguration$RestartingClassPathChangeChangedEventListener - Restarting due to 3 class path changes (0 additions, 0 deletions, 3 modifications)
2024-01-15 12:55:03.196 [Thread-5] INFO  o.a.coyote.http11.Http11NioProtocol - Pausing ProtocolHandler ["http-nio-8050"]
2024-01-15 12:55:03.197 [Thread-5] INFO  o.a.catalina.core.StandardService - Stopping service [Tomcat]
2024-01-15 12:55:03.200 [Thread-5] INFO  o.a.c.c.C.[Tomcat].[localhost].[/] - Destroying Spring FrameworkServlet 'dispatcherServlet'
2024-01-15 12:55:03.208 [Thread-5] INFO  o.a.coyote.http11.Http11NioProtocol - Stopping ProtocolHandler ["http-nio-8050"]
2024-01-15 12:55:03.212 [Thread-5] INFO  o.a.coyote.http11.Http11NioProtocol - Destroying ProtocolHandler ["http-nio-8050"]
2024-01-15 12:55:03.217 [Thread-5] INFO  o.s.o.j.LocalContainerEntityManagerFactoryBean - Closing JPA EntityManagerFactory for persistence unit 'default'
2024-01-15 12:55:03.225 [Thread-5] INFO  com.zaxxer.hikari.HikariDataSource - HikariPool-1 - Shutdown initiated...
2024-01-15 12:55:03.231 [Thread-5] INFO  com.zaxxer.hikari.HikariDataSource - HikariPool-1 - Shutdown completed.
2024-01-15 12:55:03.364 [restartedMain] INFO  com.opnapp.OpnappApplication - Starting OpnappApplication using Java 17.0.8 with PID 8108 (C:\Users\GPRITHAM\Desktop\FinalProject\opnapp\target\classes started by gpritham in C:\Users\GPRITHAM\Desktop\FinalProject\opnapp)
2024-01-15 12:55:03.364 [restartedMain] INFO  com.opnapp.OpnappApplication - No active profile set, falling back to 1 default profile: "default"
2024-01-15 12:55:03.558 [restartedMain] INFO  o.s.d.r.c.RepositoryConfigurationDelegate - Bootstrapping Spring Data JPA repositories in DEFAULT mode.
2024-01-15 12:55:03.585 [restartedMain] INFO  o.s.d.r.c.RepositoryConfigurationDelegate - Finished Spring Data repository scanning in 26 ms. Found 7 JPA repository interfaces.
2024-01-15 12:55:03.677 [restartedMain] INFO  o.s.b.w.e.tomcat.TomcatWebServer - Tomcat initialized with port(s): 8050 (http)
2024-01-15 12:55:03.678 [restartedMain] INFO  o.a.coyote.http11.Http11NioProtocol - Initializing ProtocolHandler ["http-nio-8050"]
2024-01-15 12:55:03.678 [restartedMain] INFO  o.a.catalina.core.StandardService - Starting service [Tomcat]
2024-01-15 12:55:03.678 [restartedMain] INFO  o.a.catalina.core.StandardEngine - Starting Servlet engine: [Apache Tomcat/10.1.16]
2024-01-15 12:55:03.699 [restartedMain] INFO  o.a.c.c.C.[Tomcat].[localhost].[/] - Initializing Spring embedded WebApplicationContext
2024-01-15 12:55:03.699 [restartedMain] INFO  o.s.b.w.s.c.ServletWebServerApplicationContext - Root WebApplicationContext: initialization completed in 334 ms
2024-01-15 12:55:03.737 [restartedMain] INFO  o.h.jpa.internal.util.LogHelper - HHH000204: Processing PersistenceUnitInfo [name: default]
2024-01-15 12:55:03.742 [restartedMain] INFO  o.s.o.j.p.SpringPersistenceUnitInfo - No LoadTimeWeaver setup: ignoring JPA class transformer
2024-01-15 12:55:03.743 [restartedMain] INFO  com.zaxxer.hikari.HikariDataSource - HikariPool-2 - Starting...
2024-01-15 12:55:03.754 [restartedMain] INFO  com.zaxxer.hikari.pool.HikariPool - HikariPool-2 - Added connection com.mysql.cj.jdbc.ConnectionImpl@191c1c08
2024-01-15 12:55:03.754 [restartedMain] INFO  com.zaxxer.hikari.HikariDataSource - HikariPool-2 - Start completed.
2024-01-15 12:55:03.871 [restartedMain] INFO  o.h.e.t.j.p.i.JtaPlatformInitiator - HHH000489: No JTA platform available (set 'hibernate.transaction.jta.platform' to enable JTA platform integration)
2024-01-15 12:55:03.907 [restartedMain] INFO  o.s.o.j.LocalContainerEntityManagerFactoryBean - Initialized JPA EntityManagerFactory for persistence unit 'default'
2024-01-15 12:55:04.139 [restartedMain] WARN  o.s.b.a.o.j.JpaBaseConfiguration$JpaWebConfiguration - spring.jpa.open-in-view is enabled by default. Therefore, database queries may be performed during view rendering. Explicitly configure spring.jpa.open-in-view to disable this warning
2024-01-15 12:55:04.258 [restartedMain] INFO  o.s.b.d.a.OptionalLiveReloadServer - LiveReload server is running on port 35729
2024-01-15 12:55:04.265 [restartedMain] INFO  o.a.coyote.http11.Http11NioProtocol - Starting ProtocolHandler ["http-nio-8050"]
2024-01-15 12:55:04.270 [restartedMain] INFO  o.s.b.w.e.tomcat.TomcatWebServer - Tomcat started on port(s): 8050 (http) with context path ''
2024-01-15 12:55:04.273 [restartedMain] INFO  com.opnapp.OpnappApplication - Started OpnappApplication in 0.932 seconds (process running for 263559.308)
2024-01-15 12:55:04.274 [restartedMain] INFO  o.s.b.d.a.ConditionEvaluationDeltaLoggingListener - Condition evaluation unchanged
2024-01-15 12:59:45.888 [File Watcher] INFO  o.s.b.d.a.LocalDevToolsAutoConfiguration$RestartingClassPathChangeChangedEventListener - Restarting due to 1 class path change (0 additions, 0 deletions, 1 modification)
2024-01-15 12:59:45.896 [Thread-7] INFO  o.a.coyote.http11.Http11NioProtocol - Pausing ProtocolHandler ["http-nio-8050"]
2024-01-15 12:59:45.897 [Thread-7] INFO  o.a.catalina.core.StandardService - Stopping service [Tomcat]
2024-01-15 12:59:45.898 [Thread-7] INFO  o.a.coyote.http11.Http11NioProtocol - Stopping ProtocolHandler ["http-nio-8050"]
2024-01-15 12:59:45.899 [Thread-7] INFO  o.a.coyote.http11.Http11NioProtocol - Destroying ProtocolHandler ["http-nio-8050"]
2024-01-15 12:59:45.900 [Thread-7] INFO  o.s.o.j.LocalContainerEntityManagerFactoryBean - Closing JPA EntityManagerFactory for persistence unit 'default'
2024-01-15 12:59:45.900 [Thread-7] INFO  com.zaxxer.hikari.HikariDataSource - HikariPool-2 - Shutdown initiated...
2024-01-15 12:59:45.905 [Thread-7] INFO  com.zaxxer.hikari.HikariDataSource - HikariPool-2 - Shutdown completed.
2024-01-15 12:59:45.978 [restartedMain] INFO  com.opnapp.OpnappApplication - Starting OpnappApplication using Java 17.0.8 with PID 8108 (C:\Users\GPRITHAM\Desktop\FinalProject\opnapp\target\classes started by gpritham in C:\Users\GPRITHAM\Desktop\FinalProject\opnapp)
2024-01-15 12:59:45.978 [restartedMain] INFO  com.opnapp.OpnappApplication - No active profile set, falling back to 1 default profile: "default"
2024-01-15 12:59:46.114 [restartedMain] INFO  o.s.d.r.c.RepositoryConfigurationDelegate - Bootstrapping Spring Data JPA repositories in DEFAULT mode.
2024-01-15 12:59:46.148 [restartedMain] INFO  o.s.d.r.c.RepositoryConfigurationDelegate - Finished Spring Data repository scanning in 34 ms. Found 7 JPA repository interfaces.
2024-01-15 12:59:46.228 [restartedMain] INFO  o.s.b.w.e.tomcat.TomcatWebServer - Tomcat initialized with port(s): 8050 (http)
2024-01-15 12:59:46.228 [restartedMain] INFO  o.a.coyote.http11.Http11NioProtocol - Initializing ProtocolHandler ["http-nio-8050"]
2024-01-15 12:59:46.228 [restartedMain] INFO  o.a.catalina.core.StandardService - Starting service [Tomcat]
2024-01-15 12:59:46.228 [restartedMain] INFO  o.a.catalina.core.StandardEngine - Starting Servlet engine: [Apache Tomcat/10.1.16]
2024-01-15 12:59:46.241 [restartedMain] INFO  o.a.c.c.C.[Tomcat].[localhost].[/] - Initializing Spring embedded WebApplicationContext
2024-01-15 12:59:46.241 [restartedMain] INFO  o.s.b.w.s.c.ServletWebServerApplicationContext - Root WebApplicationContext: initialization completed in 261 ms
2024-01-15 12:59:46.264 [restartedMain] INFO  o.h.jpa.internal.util.LogHelper - HHH000204: Processing PersistenceUnitInfo [name: default]
2024-01-15 12:59:46.269 [restartedMain] INFO  o.s.o.j.p.SpringPersistenceUnitInfo - No LoadTimeWeaver setup: ignoring JPA class transformer
2024-01-15 12:59:46.269 [restartedMain] INFO  com.zaxxer.hikari.HikariDataSource - HikariPool-3 - Starting...
2024-01-15 12:59:46.279 [restartedMain] INFO  com.zaxxer.hikari.pool.HikariPool - HikariPool-3 - Added connection com.mysql.cj.jdbc.ConnectionImpl@780445cc
2024-01-15 12:59:46.279 [restartedMain] INFO  com.zaxxer.hikari.HikariDataSource - HikariPool-3 - Start completed.
2024-01-15 12:59:46.371 [restartedMain] INFO  o.h.e.t.j.p.i.JtaPlatformInitiator - HHH000489: No JTA platform available (set 'hibernate.transaction.jta.platform' to enable JTA platform integration)
2024-01-15 12:59:46.399 [restartedMain] INFO  o.s.o.j.LocalContainerEntityManagerFactoryBean - Initialized JPA EntityManagerFactory for persistence unit 'default'
2024-01-15 12:59:46.601 [restartedMain] WARN  o.s.b.a.o.j.JpaBaseConfiguration$JpaWebConfiguration - spring.jpa.open-in-view is enabled by default. Therefore, database queries may be performed during view rendering. Explicitly configure spring.jpa.open-in-view to disable this warning
2024-01-15 12:59:46.684 [restartedMain] INFO  o.s.b.d.a.OptionalLiveReloadServer - LiveReload server is running on port 35729
2024-01-15 12:59:46.690 [restartedMain] INFO  o.a.coyote.http11.Http11NioProtocol - Starting ProtocolHandler ["http-nio-8050"]
2024-01-15 12:59:46.695 [restartedMain] INFO  o.s.b.w.e.tomcat.TomcatWebServer - Tomcat started on port(s): 8050 (http) with context path ''
2024-01-15 12:59:46.698 [restartedMain] INFO  com.opnapp.OpnappApplication - Started OpnappApplication in 0.737 seconds (process running for 263841.735)
2024-01-15 12:59:46.699 [restartedMain] INFO  o.s.b.d.a.ConditionEvaluationDeltaLoggingListener - Condition evaluation unchanged
2024-01-15 12:59:47.943 [http-nio-8050-exec-1] INFO  o.a.c.c.C.[Tomcat].[localhost].[/] - Initializing Spring DispatcherServlet 'dispatcherServlet'
2024-01-15 12:59:47.943 [http-nio-8050-exec-1] INFO  o.s.web.servlet.DispatcherServlet - Initializing Servlet 'dispatcherServlet'
2024-01-15 12:59:47.944 [http-nio-8050-exec-1] INFO  o.s.web.servlet.DispatcherServlet - Completed initialization in 1 ms
2024-01-15 12:59:47.948 [http-nio-8050-exec-1] INFO  c.opnapp.services.PlantServiceImpl - Adding a new plant
2024-01-15 12:59:47.952 [http-nio-8050-exec-1] WARN  o.s.w.s.m.m.a.ExceptionHandlerExceptionResolver - Resolved [com.opnapp.exception.InvalidEntityException: Plant id should be a positive integer]
2024-01-15 13:01:20.275 [http-nio-8050-exec-3] INFO  c.opnapp.services.PlantServiceImpl - Adding a new plant
2024-01-15 13:01:20.276 [http-nio-8050-exec-3] WARN  o.s.w.s.m.m.a.ExceptionHandlerExceptionResolver - Resolved [com.opnapp.exception.InvalidEntityException: Plant id should be a positive integer]
2024-01-15 13:03:28.519 [http-nio-8050-exec-4] INFO  c.opnapp.services.PlantServiceImpl - Adding a new plant
2024-01-15 13:03:28.520 [http-nio-8050-exec-4] WARN  o.s.w.s.m.m.a.ExceptionHandlerExceptionResolver - Resolved [com.opnapp.exception.InvalidEntityException: Plant id should be a positive integer]
2024-01-15 13:03:36.075 [http-nio-8050-exec-5] INFO  c.opnapp.services.PlantServiceImpl - Adding a new plant
2024-01-15 13:03:36.075 [http-nio-8050-exec-5] INFO  com.opnapp.DAO.PlantDaoImpl - Adding plant: com.opnapp.models.Plant@5c4fd83
2024-01-15 13:03:36.078 [http-nio-8050-exec-5] WARN  o.s.w.s.m.m.a.ExceptionHandlerExceptionResolver - Resolved [org.springframework.dao.InvalidDataAccessApiUsageException: The given id must not be null]
2024-01-15 13:03:58.255 [http-nio-8050-exec-6] INFO  c.opnapp.services.PlantServiceImpl - Adding a new plant
2024-01-15 13:03:58.256 [http-nio-8050-exec-6] WARN  o.s.w.s.m.m.a.ExceptionHandlerExceptionResolver - Resolved [com.opnapp.exception.InvalidEntityException: Plant id should be a positive integer]
2024-01-15 13:05:39.557 [http-nio-8050-exec-7] INFO  com.opnapp.services.SeedServiceImpl - Viewing all seeds
2024-01-15 13:05:39.557 [http-nio-8050-exec-7] INFO  com.opnapp.DAO.SeedDaoImpl - Viewing all seeds
2024-01-15 13:05:39.577 [http-nio-8050-exec-7] INFO  com.opnapp.DAO.SeedDaoImpl - All seeds found: [com.opnapp.models.Seed@3862fd4f, com.opnapp.models.Seed@269ae260, com.opnapp.models.Seed@285617f5, com.opnapp.models.Seed@3a5d4bd4, com.opnapp.models.Seed@41d2c026, com.opnapp.models.Seed@768b8ee4, com.opnapp.models.Seed@1a8e3df, com.opnapp.models.Seed@20de7124, com.opnapp.models.Seed@ada62d8, com.opnapp.models.Seed@7d1fb950]
2024-01-15 13:05:39.577 [http-nio-8050-exec-7] INFO  com.opnapp.services.SeedServiceImpl - All seeds found: [com.opnapp.models.Seed@3862fd4f, com.opnapp.models.Seed@269ae260, com.opnapp.models.Seed@285617f5, com.opnapp.models.Seed@3a5d4bd4, com.opnapp.models.Seed@41d2c026, com.opnapp.models.Seed@768b8ee4, com.opnapp.models.Seed@1a8e3df, com.opnapp.models.Seed@20de7124, com.opnapp.models.Seed@ada62d8, com.opnapp.models.Seed@7d1fb950]
2024-01-15 13:05:53.269 [http-nio-8050-exec-8] INFO  com.opnapp.services.SeedServiceImpl - Viewing seed by ID: 1
2024-01-15 13:05:53.269 [http-nio-8050-exec-8] INFO  com.opnapp.DAO.SeedDaoImpl - Viewing seed by ID: 1
2024-01-15 13:05:53.272 [http-nio-8050-exec-8] INFO  com.opnapp.DAO.SeedDaoImpl - Seed found: com.opnapp.models.Seed@914873
2024-01-15 13:05:53.273 [http-nio-8050-exec-8] INFO  com.opnapp.services.SeedServiceImpl - Seed found: com.opnapp.models.Seed@914873
2024-01-15 13:06:00.613 [http-nio-8050-exec-9] INFO  c.opnapp.services.PlantServiceImpl - Viewing all plants
2024-01-15 13:06:00.613 [http-nio-8050-exec-9] INFO  com.opnapp.DAO.PlantDaoImpl - Viewing all plants
2024-01-15 13:06:08.821 [http-nio-8050-exec-10] INFO  com.opnapp.services.SeedServiceImpl - Viewing all seeds
2024-01-15 13:06:08.821 [http-nio-8050-exec-10] INFO  com.opnapp.DAO.SeedDaoImpl - Viewing all seeds
2024-01-15 13:06:08.841 [http-nio-8050-exec-10] INFO  com.opnapp.DAO.SeedDaoImpl - All seeds found: [com.opnapp.models.Seed@11da15b8, com.opnapp.models.Seed@5fefefab, com.opnapp.models.Seed@65b31bb8, com.opnapp.models.Seed@669bd15a, com.opnapp.models.Seed@1a4d8574, com.opnapp.models.Seed@6a54f5e, com.opnapp.models.Seed@67f4bcff, com.opnapp.models.Seed@77bca3ef, com.opnapp.models.Seed@4e17a562, com.opnapp.models.Seed@1df0e4dc]
2024-01-15 13:06:08.842 [http-nio-8050-exec-10] INFO  com.opnapp.services.SeedServiceImpl - All seeds found: [com.opnapp.models.Seed@11da15b8, com.opnapp.models.Seed@5fefefab, com.opnapp.models.Seed@65b31bb8, com.opnapp.models.Seed@669bd15a, com.opnapp.models.Seed@1a4d8574, com.opnapp.models.Seed@6a54f5e, com.opnapp.models.Seed@67f4bcff, com.opnapp.models.Seed@77bca3ef, com.opnapp.models.Seed@4e17a562, com.opnapp.models.Seed@1df0e4dc]
2024-01-15 13:06:24.255 [http-nio-8050-exec-1] INFO  com.opnapp.services.SeedServiceImpl - Viewing seeds by common name: SunFlower
2024-01-15 13:06:24.256 [http-nio-8050-exec-1] INFO  com.opnapp.DAO.SeedDaoImpl - Viewing seeds by common name: SunFlower
2024-01-15 13:06:24.271 [http-nio-8050-exec-1] INFO  com.opnapp.DAO.SeedDaoImpl - Seeds found: [com.opnapp.models.Seed@52cd463c, com.opnapp.models.Seed@28b2fa7e, com.opnapp.models.Seed@5c444111, com.opnapp.models.Seed@535b7fd8, com.opnapp.models.Seed@4e4b3738, com.opnapp.models.Seed@5ab48db1, com.opnapp.models.Seed@70149221, com.opnapp.models.Seed@5da948df, com.opnapp.models.Seed@40bca02a, com.opnapp.models.Seed@31669d58]
2024-01-15 13:06:24.272 [http-nio-8050-exec-1] INFO  com.opnapp.services.SeedServiceImpl - Seeds found: [com.opnapp.models.Seed@52cd463c, com.opnapp.models.Seed@28b2fa7e, com.opnapp.models.Seed@5c444111, com.opnapp.models.Seed@535b7fd8, com.opnapp.models.Seed@4e4b3738, com.opnapp.models.Seed@5ab48db1, com.opnapp.models.Seed@70149221, com.opnapp.models.Seed@5da948df, com.opnapp.models.Seed@40bca02a, com.opnapp.models.Seed@31669d58]
2024-01-15 13:06:41.415 [http-nio-8050-exec-3] INFO  com.opnapp.services.SeedServiceImpl - Updating seed: com.opnapp.models.Seed@4f7bda52
2024-01-15 13:06:41.415 [http-nio-8050-exec-3] INFO  com.opnapp.DAO.SeedDaoImpl - Updating seed: com.opnapp.models.Seed@4f7bda52
2024-01-15 13:06:41.419 [http-nio-8050-exec-3] INFO  com.opnapp.DAO.SeedDaoImpl - Seed 1 updated successfully
2024-01-15 13:06:41.434 [http-nio-8050-exec-3] INFO  com.opnapp.services.SeedServiceImpl - Seed updated successfully: com.opnapp.models.Seed@69996cfb
2024-01-15 13:06:51.559 [http-nio-8050-exec-5] INFO  com.opnapp.services.SeedServiceImpl - Deleting seed: 1
2024-01-15 13:06:51.563 [http-nio-8050-exec-5] INFO  com.opnapp.DAO.SeedDaoImpl - Deleting seed with ID: 1
2024-01-15 13:06:51.578 [http-nio-8050-exec-5] INFO  com.opnapp.DAO.SeedDaoImpl - Seed deleted successfully with ID: 1
2024-01-15 13:07:49.895 [http-nio-8050-exec-7] INFO  com.opnapp.services.SeedServiceImpl - Adding seed: com.opnapp.models.Seed@7145f2b2
2024-01-15 13:07:49.895 [http-nio-8050-exec-7] INFO  com.opnapp.DAO.SeedDaoImpl - Adding seed: com.opnapp.models.Seed@7145f2b2
2024-01-15 13:07:49.945 [http-nio-8050-exec-7] INFO  com.opnapp.DAO.SeedDaoImpl - Seed added successfully: com.opnapp.models.Seed@7145f2b2
2024-01-15 13:07:49.945 [http-nio-8050-exec-7] INFO  com.opnapp.services.SeedServiceImpl - Seed added successfully: com.opnapp.models.Seed@7145f2b2
2024-01-15 13:08:22.793 [http-nio-8050-exec-8] INFO  c.opnapp.services.PlanterServiceImpl - Viewing all planters
2024-01-15 13:08:22.793 [http-nio-8050-exec-8] INFO  com.opnapp.DAO.PlanterDAOImpl - Viewing all planters
2024-01-15 13:08:22.797 [http-nio-8050-exec-8] INFO  com.opnapp.DAO.PlanterDAOImpl - All planters viewed successfully: 9
2024-01-15 13:08:32.127 [http-nio-8050-exec-9] INFO  c.opnapp.services.PlanterServiceImpl - Viewing planter by ID: 1
2024-01-15 13:08:32.127 [http-nio-8050-exec-9] INFO  com.opnapp.DAO.PlanterDAOImpl - Viewing planter by ID: 1
2024-01-15 13:08:32.130 [http-nio-8050-exec-9] INFO  com.opnapp.DAO.PlanterDAOImpl - Planter viewed successfully: com.opnapp.models.Planter@2f4a0cbe
2024-01-15 13:08:46.065 [http-nio-8050-exec-10] INFO  c.opnapp.services.PlanterServiceImpl - Viewing planter by shape: Round
2024-01-15 13:08:46.066 [http-nio-8050-exec-10] INFO  com.opnapp.DAO.PlanterDAOImpl - Viewing planters by shape: Round
2024-01-15 13:08:46.070 [http-nio-8050-exec-10] INFO  com.opnapp.DAO.PlanterDAOImpl - Planters viewed successfully by shape: 9
2024-01-15 13:08:59.542 [http-nio-8050-exec-1] INFO  c.opnapp.services.PlanterServiceImpl - Viewing planters by cost range: 1.0 - 25.0
2024-01-15 13:08:59.542 [http-nio-8050-exec-1] INFO  com.opnapp.DAO.PlanterDAOImpl - Viewing planters by cost range: 1.0 - 25.0
2024-01-15 13:08:59.547 [http-nio-8050-exec-1] INFO  com.opnapp.DAO.PlanterDAOImpl - Planters viewed successfully by cost range: 9
2024-01-15 13:09:24.570 [http-nio-8050-exec-3] INFO  c.opnapp.services.PlanterServiceImpl - Adding planter: com.opnapp.models.Planter@729da154
2024-01-15 13:09:24.570 [http-nio-8050-exec-3] INFO  com.opnapp.DAO.PlanterDAOImpl - Adding planter: com.opnapp.models.Planter@729da154
2024-01-15 13:09:24.588 [http-nio-8050-exec-3] INFO  com.opnapp.DAO.PlanterDAOImpl - Planter added successfully: com.opnapp.models.Planter@729da154
2024-01-15 13:09:38.557 [http-nio-8050-exec-4] INFO  c.opnapp.services.OrderServiceImpl - Viewing all orders
2024-01-15 13:09:38.564 [http-nio-8050-exec-4] INFO  com.opnapp.DAO.OrderDAOImpl - Retrieved all orders successfully. Total orders: 2
2024-01-15 13:09:45.204 [http-nio-8050-exec-5] INFO  c.opnapp.services.PlanterServiceImpl - Viewing all planters
2024-01-15 13:09:45.204 [http-nio-8050-exec-5] INFO  com.opnapp.DAO.PlanterDAOImpl - Viewing all planters
2024-01-15 13:09:45.208 [http-nio-8050-exec-5] INFO  com.opnapp.DAO.PlanterDAOImpl - All planters viewed successfully: 10
2024-01-15 13:09:46.467 [http-nio-8050-exec-6] INFO  c.o.services.CustomerServiceImpl - Viewing all customers...
2024-01-15 13:09:46.476 [http-nio-8050-exec-6] INFO  com.opnapp.DAO.CustomerDAOImpl - Viewed all active customers
2024-01-15 13:10:13.187 [http-nio-8050-exec-7] WARN  o.s.w.s.m.m.a.ExceptionHandlerExceptionResolver - Resolved [org.springframework.web.method.annotation.MethodArgumentTypeMismatchException: Failed to convert value of type 'java.lang.String' to required type 'java.lang.Long'; For input string: "undefined"]
2024-01-15 13:10:17.629 [http-nio-8050-exec-8] INFO  c.o.services.CustomerServiceImpl - Viewing customer by ID: 1
2024-01-15 13:10:17.634 [http-nio-8050-exec-8] INFO  com.opnapp.DAO.CustomerDAOImpl - Viewed customer with ID: 1
2024-01-15 13:10:22.617 [http-nio-8050-exec-9] INFO  c.opnapp.services.PlanterServiceImpl - Viewing all planters
2024-01-15 13:10:22.617 [http-nio-8050-exec-9] INFO  com.opnapp.DAO.PlanterDAOImpl - Viewing all planters
2024-01-15 13:10:22.621 [http-nio-8050-exec-9] INFO  com.opnapp.DAO.PlanterDAOImpl - All planters viewed successfully: 10
2024-01-15 13:10:24.625 [http-nio-8050-exec-10] INFO  c.o.services.CustomerServiceImpl - Viewing all customers...
2024-01-15 13:10:24.638 [http-nio-8050-exec-10] INFO  com.opnapp.DAO.CustomerDAOImpl - Viewed all active customers
2024-01-15 13:45:39.206 [http-nio-8050-exec-2] INFO  c.o.services.CustomerServiceImpl - Viewing all customers...
2024-01-15 13:45:39.225 [http-nio-8050-exec-2] INFO  com.opnapp.DAO.CustomerDAOImpl - Viewed all active customers
2024-01-15 13:45:40.425 [http-nio-8050-exec-3] INFO  c.opnapp.services.PlanterServiceImpl - Viewing all planters
2024-01-15 13:45:40.425 [http-nio-8050-exec-3] INFO  com.opnapp.DAO.PlanterDAOImpl - Viewing all planters
2024-01-15 13:45:40.431 [http-nio-8050-exec-3] INFO  com.opnapp.DAO.PlanterDAOImpl - All planters viewed successfully: 10
2024-01-15 13:45:41.159 [http-nio-8050-exec-4] INFO  com.opnapp.services.SeedServiceImpl - Viewing all seeds
2024-01-15 13:45:41.159 [http-nio-8050-exec-4] INFO  com.opnapp.DAO.SeedDaoImpl - Viewing all seeds
2024-01-15 13:45:41.186 [http-nio-8050-exec-4] INFO  com.opnapp.DAO.SeedDaoImpl - All seeds found: [com.opnapp.models.Seed@2bf26c77, com.opnapp.models.Seed@541cd97b, com.opnapp.models.Seed@10d8769, com.opnapp.models.Seed@344c2b54, com.opnapp.models.Seed@3927376b, com.opnapp.models.Seed@2d074ee8, com.opnapp.models.Seed@eae70eb, com.opnapp.models.Seed@720515c4, com.opnapp.models.Seed@2a30b081, com.opnapp.models.Seed@456655d1]
2024-01-15 13:45:41.186 [http-nio-8050-exec-4] INFO  com.opnapp.services.SeedServiceImpl - All seeds found: [com.opnapp.models.Seed@2bf26c77, com.opnapp.models.Seed@541cd97b, com.opnapp.models.Seed@10d8769, com.opnapp.models.Seed@344c2b54, com.opnapp.models.Seed@3927376b, com.opnapp.models.Seed@2d074ee8, com.opnapp.models.Seed@eae70eb, com.opnapp.models.Seed@720515c4, com.opnapp.models.Seed@2a30b081, com.opnapp.models.Seed@456655d1]
2024-01-15 13:45:42.227 [http-nio-8050-exec-5] INFO  c.opnapp.services.PlantServiceImpl - Viewing all plants
2024-01-15 13:45:42.227 [http-nio-8050-exec-5] INFO  com.opnapp.DAO.PlantDaoImpl - Viewing all plants
2024-01-15 14:00:11.970 [http-nio-8050-exec-9] INFO  c.o.services.CustomerServiceImpl - Viewing all customers...
2024-01-15 14:00:11.980 [http-nio-8050-exec-9] INFO  com.opnapp.DAO.CustomerDAOImpl - Viewed all active customers
2024-01-15 14:01:09.799 [http-nio-8050-exec-10] INFO  c.opnapp.services.OrderServiceImpl - Viewing all orders
2024-01-15 14:01:09.805 [http-nio-8050-exec-10] INFO  com.opnapp.DAO.OrderDAOImpl - Retrieved all orders successfully. Total orders: 2
2024-01-15 14:02:01.907 [http-nio-8050-exec-2] INFO  c.o.services.CustomerServiceImpl - Viewing all customers...
2024-01-15 14:02:01.914 [http-nio-8050-exec-2] INFO  com.opnapp.DAO.CustomerDAOImpl - Viewed all active customers
2024-01-15 14:03:13.711 [http-nio-8050-exec-5] INFO  c.o.services.CustomerServiceImpl - Viewing all customers...
2024-01-15 14:03:13.720 [http-nio-8050-exec-5] INFO  com.opnapp.DAO.CustomerDAOImpl - Viewed all active customers
2024-01-15 14:03:33.751 [http-nio-8050-exec-6] WARN  o.s.w.s.m.m.a.ExceptionHandlerExceptionResolver - Resolved [org.springframework.web.method.annotation.MethodArgumentTypeMismatchException: Failed to convert value of type 'java.lang.String' to required type 'java.lang.Long'; For input string: "undefined"]
2024-01-15 14:03:37.735 [http-nio-8050-exec-7] INFO  c.o.services.CustomerServiceImpl - Viewing customer by ID: 1
2024-01-15 14:03:37.746 [http-nio-8050-exec-7] INFO  com.opnapp.DAO.CustomerDAOImpl - Viewed customer with ID: 1
2024-01-15 14:05:30.537 [http-nio-8050-exec-10] INFO  c.o.services.CustomerServiceImpl - Viewing all customers...
2024-01-15 14:05:30.546 [http-nio-8050-exec-10] INFO  com.opnapp.DAO.CustomerDAOImpl - Viewed all active customers
2024-01-15 14:06:46.086 [http-nio-8050-exec-3] INFO  c.o.services.CustomerServiceImpl - Viewing customer by ID: 3
2024-01-15 14:06:46.090 [http-nio-8050-exec-3] INFO  com.opnapp.DAO.CustomerDAOImpl - Viewed customer with ID: 3
2024-01-15 14:10:38.102 [http-nio-8050-exec-6] INFO  c.opnapp.services.PlantServiceImpl - Viewing all plants
2024-01-15 14:10:38.102 [http-nio-8050-exec-6] INFO  com.opnapp.DAO.PlantDaoImpl - Viewing all plants
2024-01-15 14:10:41.296 [http-nio-8050-exec-7] INFO  com.opnapp.services.SeedServiceImpl - Viewing all seeds
2024-01-15 14:10:41.296 [http-nio-8050-exec-7] INFO  com.opnapp.DAO.SeedDaoImpl - Viewing all seeds
2024-01-15 14:10:41.318 [http-nio-8050-exec-7] INFO  com.opnapp.DAO.SeedDaoImpl - All seeds found: [com.opnapp.models.Seed@22d559d6, com.opnapp.models.Seed@71c0d711, com.opnapp.models.Seed@6496d608, com.opnapp.models.Seed@1dc9aa67, com.opnapp.models.Seed@e1415d3, com.opnapp.models.Seed@13b9b637, com.opnapp.models.Seed@246e38f1, com.opnapp.models.Seed@730da8d7, com.opnapp.models.Seed@574a7b4e, com.opnapp.models.Seed@633b0273]
2024-01-15 14:10:41.319 [http-nio-8050-exec-7] INFO  com.opnapp.services.SeedServiceImpl - All seeds found: [com.opnapp.models.Seed@22d559d6, com.opnapp.models.Seed@71c0d711, com.opnapp.models.Seed@6496d608, com.opnapp.models.Seed@1dc9aa67, com.opnapp.models.Seed@e1415d3, com.opnapp.models.Seed@13b9b637, com.opnapp.models.Seed@246e38f1, com.opnapp.models.Seed@730da8d7, com.opnapp.models.Seed@574a7b4e, com.opnapp.models.Seed@633b0273]
2024-01-15 14:10:42.991 [http-nio-8050-exec-8] INFO  c.opnapp.services.PlantServiceImpl - Viewing all plants
2024-01-15 14:10:42.991 [http-nio-8050-exec-8] INFO  com.opnapp.DAO.PlantDaoImpl - Viewing all plants
2024-01-15 14:10:50.913 [http-nio-8050-exec-9] INFO  c.opnapp.services.PlanterServiceImpl - Viewing all planters
2024-01-15 14:10:50.914 [http-nio-8050-exec-9] INFO  com.opnapp.DAO.PlanterDAOImpl - Viewing all planters
2024-01-15 14:10:50.919 [http-nio-8050-exec-9] INFO  com.opnapp.DAO.PlanterDAOImpl - All planters viewed successfully: 10
2024-01-15 14:10:54.786 [http-nio-8050-exec-10] INFO  c.opnapp.services.OrderServiceImpl - Viewing all orders
2024-01-15 14:10:54.791 [http-nio-8050-exec-10] INFO  com.opnapp.DAO.OrderDAOImpl - Retrieved all orders successfully. Total orders: 2
2024-01-15 14:10:58.789 [http-nio-8050-exec-1] INFO  c.o.services.CustomerServiceImpl - Viewing all customers...
2024-01-15 14:10:58.796 [http-nio-8050-exec-1] INFO  com.opnapp.DAO.CustomerDAOImpl - Viewed all active customers
2024-01-15 14:11:00.543 [http-nio-8050-exec-2] INFO  c.opnapp.services.PlanterServiceImpl - Viewing all planters
2024-01-15 14:11:00.543 [http-nio-8050-exec-2] INFO  com.opnapp.DAO.PlanterDAOImpl - Viewing all planters
2024-01-15 14:11:00.548 [http-nio-8050-exec-2] INFO  com.opnapp.DAO.PlanterDAOImpl - All planters viewed successfully: 10
2024-01-15 14:11:01.563 [http-nio-8050-exec-3] INFO  com.opnapp.services.SeedServiceImpl - Viewing all seeds
2024-01-15 14:11:01.563 [http-nio-8050-exec-3] INFO  com.opnapp.DAO.SeedDaoImpl - Viewing all seeds
2024-01-15 14:11:01.587 [http-nio-8050-exec-3] INFO  com.opnapp.DAO.SeedDaoImpl - All seeds found: [com.opnapp.models.Seed@4170df96, com.opnapp.models.Seed@51f55393, com.opnapp.models.Seed@4d1645c0, com.opnapp.models.Seed@2ffb19d4, com.opnapp.models.Seed@448ff233, com.opnapp.models.Seed@57a87e74, com.opnapp.models.Seed@ed2747d, com.opnapp.models.Seed@2bb9e914, com.opnapp.models.Seed@1d7cfe9a, com.opnapp.models.Seed@6cb0f440]
2024-01-15 14:11:01.587 [http-nio-8050-exec-3] INFO  com.opnapp.services.SeedServiceImpl - All seeds found: [com.opnapp.models.Seed@4170df96, com.opnapp.models.Seed@51f55393, com.opnapp.models.Seed@4d1645c0, com.opnapp.models.Seed@2ffb19d4, com.opnapp.models.Seed@448ff233, com.opnapp.models.Seed@57a87e74, com.opnapp.models.Seed@ed2747d, com.opnapp.models.Seed@2bb9e914, com.opnapp.models.Seed@1d7cfe9a, com.opnapp.models.Seed@6cb0f440]
2024-01-15 14:11:06.095 [http-nio-8050-exec-4] INFO  c.opnapp.services.PlantServiceImpl - Viewing all plants
2024-01-15 14:11:06.095 [http-nio-8050-exec-4] INFO  com.opnapp.DAO.PlantDaoImpl - Viewing all plants
2024-01-15 14:11:08.887 [http-nio-8050-exec-5] INFO  c.opnapp.services.PlanterServiceImpl - Viewing all planters
2024-01-15 14:11:08.887 [http-nio-8050-exec-5] INFO  com.opnapp.DAO.PlanterDAOImpl - Viewing all planters
2024-01-15 14:11:08.891 [http-nio-8050-exec-5] INFO  com.opnapp.DAO.PlanterDAOImpl - All planters viewed successfully: 10
2024-01-15 14:12:36.860 [http-nio-8050-exec-8] INFO  c.opnapp.services.PlanterServiceImpl - Viewing all planters
2024-01-15 14:12:36.860 [http-nio-8050-exec-8] INFO  com.opnapp.DAO.PlanterDAOImpl - Viewing all planters
2024-01-15 14:12:36.864 [http-nio-8050-exec-8] INFO  com.opnapp.DAO.PlanterDAOImpl - All planters viewed successfully: 10
2024-01-15 14:12:40.061 [http-nio-8050-exec-9] INFO  com.opnapp.services.SeedServiceImpl - Viewing all seeds
2024-01-15 14:12:40.061 [http-nio-8050-exec-9] INFO  com.opnapp.DAO.SeedDaoImpl - Viewing all seeds
2024-01-15 14:12:40.080 [http-nio-8050-exec-9] INFO  com.opnapp.DAO.SeedDaoImpl - All seeds found: [com.opnapp.models.Seed@2ef28db4, com.opnapp.models.Seed@1e395f98, com.opnapp.models.Seed@222a1232, com.opnapp.models.Seed@1f174f4b, com.opnapp.models.Seed@a4a8f77, com.opnapp.models.Seed@643ed13e, com.opnapp.models.Seed@4d9d997f, com.opnapp.models.Seed@4e97e62b, com.opnapp.models.Seed@5e896e92, com.opnapp.models.Seed@2f365f47]
2024-01-15 14:12:40.080 [http-nio-8050-exec-9] INFO  com.opnapp.services.SeedServiceImpl - All seeds found: [com.opnapp.models.Seed@2ef28db4, com.opnapp.models.Seed@1e395f98, com.opnapp.models.Seed@222a1232, com.opnapp.models.Seed@1f174f4b, com.opnapp.models.Seed@a4a8f77, com.opnapp.models.Seed@643ed13e, com.opnapp.models.Seed@4d9d997f, com.opnapp.models.Seed@4e97e62b, com.opnapp.models.Seed@5e896e92, com.opnapp.models.Seed@2f365f47]
2024-01-15 14:12:41.651 [http-nio-8050-exec-10] INFO  c.opnapp.services.PlantServiceImpl - Viewing all plants
2024-01-15 14:12:41.651 [http-nio-8050-exec-10] INFO  com.opnapp.DAO.PlantDaoImpl - Viewing all plants
2024-01-15 14:12:46.602 [http-nio-8050-exec-1] INFO  com.opnapp.services.SeedServiceImpl - Viewing all seeds
2024-01-15 14:12:46.602 [http-nio-8050-exec-1] INFO  com.opnapp.DAO.SeedDaoImpl - Viewing all seeds
2024-01-15 14:12:46.628 [http-nio-8050-exec-1] INFO  com.opnapp.DAO.SeedDaoImpl - All seeds found: [com.opnapp.models.Seed@316e1902, com.opnapp.models.Seed@339d30a4, com.opnapp.models.Seed@3a3d8e58, com.opnapp.models.Seed@78a27203, com.opnapp.models.Seed@3671f058, com.opnapp.models.Seed@58f9c429, com.opnapp.models.Seed@286db7b0, com.opnapp.models.Seed@47afcb88, com.opnapp.models.Seed@531ef34e, com.opnapp.models.Seed@7c83f348]
2024-01-15 14:12:46.628 [http-nio-8050-exec-1] INFO  com.opnapp.services.SeedServiceImpl - All seeds found: [com.opnapp.models.Seed@316e1902, com.opnapp.models.Seed@339d30a4, com.opnapp.models.Seed@3a3d8e58, com.opnapp.models.Seed@78a27203, com.opnapp.models.Seed@3671f058, com.opnapp.models.Seed@58f9c429, com.opnapp.models.Seed@286db7b0, com.opnapp.models.Seed@47afcb88, com.opnapp.models.Seed@531ef34e, com.opnapp.models.Seed@7c83f348]
2024-01-15 14:12:48.290 [http-nio-8050-exec-2] INFO  c.opnapp.services.PlanterServiceImpl - Viewing all planters
2024-01-15 14:12:48.290 [http-nio-8050-exec-2] INFO  com.opnapp.DAO.PlanterDAOImpl - Viewing all planters
2024-01-15 14:12:48.293 [http-nio-8050-exec-2] INFO  com.opnapp.DAO.PlanterDAOImpl - All planters viewed successfully: 10
2024-01-15 14:12:57.658 [http-nio-8050-exec-3] INFO  com.opnapp.services.SeedServiceImpl - Viewing all seeds
2024-01-15 14:12:57.658 [http-nio-8050-exec-3] INFO  com.opnapp.DAO.SeedDaoImpl - Viewing all seeds
2024-01-15 14:12:57.678 [http-nio-8050-exec-3] INFO  com.opnapp.DAO.SeedDaoImpl - All seeds found: [com.opnapp.models.Seed@16b8b041, com.opnapp.models.Seed@1a3ab5bb, com.opnapp.models.Seed@22120aaa, com.opnapp.models.Seed@2612f671, com.opnapp.models.Seed@2b56809, com.opnapp.models.Seed@65e1ca1d, com.opnapp.models.Seed@7b6eb893, com.opnapp.models.Seed@4784b244, com.opnapp.models.Seed@1b3ba4be, com.opnapp.models.Seed@7d365eda]
2024-01-15 14:12:57.678 [http-nio-8050-exec-3] INFO  com.opnapp.services.SeedServiceImpl - All seeds found: [com.opnapp.models.Seed@16b8b041, com.opnapp.models.Seed@1a3ab5bb, com.opnapp.models.Seed@22120aaa, com.opnapp.models.Seed@2612f671, com.opnapp.models.Seed@2b56809, com.opnapp.models.Seed@65e1ca1d, com.opnapp.models.Seed@7b6eb893, com.opnapp.models.Seed@4784b244, com.opnapp.models.Seed@1b3ba4be, com.opnapp.models.Seed@7d365eda]
2024-01-15 14:13:08.483 [http-nio-8050-exec-4] INFO  com.opnapp.services.SeedServiceImpl - Viewing seed by ID: 1
2024-01-15 14:13:08.483 [http-nio-8050-exec-4] INFO  com.opnapp.DAO.SeedDaoImpl - Viewing seed by ID: 1
2024-01-15 14:13:08.487 [http-nio-8050-exec-4] INFO  com.opnapp.DAO.SeedDaoImpl - Seed found: null
2024-01-15 14:13:08.489 [http-nio-8050-exec-4] WARN  o.s.w.s.m.m.a.ExceptionHandlerExceptionResolver - Resolved [com.opnapp.exception.InvalidEntityException: Seed with ID 1 not found]
2024-01-15 14:13:11.001 [http-nio-8050-exec-5] INFO  c.opnapp.services.PlantServiceImpl - Viewing all plants
2024-01-15 14:13:11.001 [http-nio-8050-exec-5] INFO  com.opnapp.DAO.PlantDaoImpl - Viewing all plants
2024-01-15 14:16:13.445 [http-nio-8050-exec-8] INFO  c.opnapp.services.PlantServiceImpl - Updating plant
2024-01-15 14:16:13.451 [http-nio-8050-exec-8] INFO  com.opnapp.DAO.PlantDaoImpl - Updating plant with ID: 11
2024-01-15 14:16:13.455 [http-nio-8050-exec-8] INFO  com.opnapp.DAO.PlantDaoImpl - Plant updated successfully
2024-01-15 14:17:40.672 [http-nio-8050-exec-1] INFO  c.opnapp.services.PlantServiceImpl - Viewing all plants
2024-01-15 14:17:40.672 [http-nio-8050-exec-1] INFO  com.opnapp.DAO.PlantDaoImpl - Viewing all plants
2024-01-15 14:18:52.622 [http-nio-8050-exec-4] INFO  c.opnapp.services.PlantServiceImpl - Viewing all plants
2024-01-15 14:18:52.622 [http-nio-8050-exec-4] INFO  com.opnapp.DAO.PlantDaoImpl - Viewing all plants
2024-01-15 14:18:59.487 [http-nio-8050-exec-5] INFO  c.opnapp.services.PlantServiceImpl - Viewing plant by ID
2024-01-15 14:18:59.487 [http-nio-8050-exec-5] INFO  com.opnapp.DAO.PlantDaoImpl - Viewing plant with ID: 1
2024-01-15 14:19:15.503 [http-nio-8050-exec-6] INFO  c.opnapp.services.PlantServiceImpl - Viewing plant by ID
2024-01-15 14:19:15.503 [http-nio-8050-exec-6] INFO  com.opnapp.DAO.PlantDaoImpl - Viewing plant with ID: 11
2024-01-15 14:20:00.986 [http-nio-8050-exec-8] INFO  c.opnapp.services.PlantServiceImpl - Viewing all plants
2024-01-15 14:20:00.986 [http-nio-8050-exec-8] INFO  com.opnapp.DAO.PlantDaoImpl - Viewing all plants
2024-01-15 14:20:09.413 [http-nio-8050-exec-9] INFO  c.opnapp.services.PlantServiceImpl - Viewing plant by ID
2024-01-15 14:20:09.413 [http-nio-8050-exec-9] INFO  com.opnapp.DAO.PlantDaoImpl - Viewing plant with ID: 11
2024-01-15 14:20:12.916 [http-nio-8050-exec-10] INFO  c.opnapp.services.PlantServiceImpl - Viewing plant by ID
2024-01-15 14:20:12.916 [http-nio-8050-exec-10] INFO  com.opnapp.DAO.PlantDaoImpl - Viewing plant with ID: 1
2024-01-15 14:20:20.565 [http-nio-8050-exec-1] INFO  c.opnapp.services.PlantServiceImpl - Viewing all plants
2024-01-15 14:20:20.565 [http-nio-8050-exec-1] INFO  com.opnapp.DAO.PlantDaoImpl - Viewing all plants
2024-01-15 14:20:27.454 [http-nio-8050-exec-2] INFO  c.opnapp.services.PlantServiceImpl - Viewing plant by ID
2024-01-15 14:20:27.454 [http-nio-8050-exec-2] INFO  com.opnapp.DAO.PlantDaoImpl - Viewing plant with ID: 1
2024-01-15 14:20:42.294 [http-nio-8050-exec-3] INFO  c.opnapp.services.PlantServiceImpl - Viewing plant by ID
2024-01-15 14:20:42.294 [http-nio-8050-exec-3] INFO  com.opnapp.DAO.PlantDaoImpl - Viewing plant with ID: 1
2024-01-15 14:20:57.159 [http-nio-8050-exec-4] INFO  com.opnapp.services.SeedServiceImpl - Viewing all seeds
2024-01-15 14:20:57.160 [http-nio-8050-exec-4] INFO  com.opnapp.DAO.SeedDaoImpl - Viewing all seeds
2024-01-15 14:20:57.179 [http-nio-8050-exec-4] INFO  com.opnapp.DAO.SeedDaoImpl - All seeds found: [com.opnapp.models.Seed@2f8ad708, com.opnapp.models.Seed@2024fbc2, com.opnapp.models.Seed@26f638e7, com.opnapp.models.Seed@2dcccaa1, com.opnapp.models.Seed@5d28086b, com.opnapp.models.Seed@5abf3adc, com.opnapp.models.Seed@26d91cde, com.opnapp.models.Seed@74318c09, com.opnapp.models.Seed@3d0c1c7, com.opnapp.models.Seed@31baf0f8]
2024-01-15 14:20:57.179 [http-nio-8050-exec-4] INFO  com.opnapp.services.SeedServiceImpl - All seeds found: [com.opnapp.models.Seed@2f8ad708, com.opnapp.models.Seed@2024fbc2, com.opnapp.models.Seed@26f638e7, com.opnapp.models.Seed@2dcccaa1, com.opnapp.models.Seed@5d28086b, com.opnapp.models.Seed@5abf3adc, com.opnapp.models.Seed@26d91cde, com.opnapp.models.Seed@74318c09, com.opnapp.models.Seed@3d0c1c7, com.opnapp.models.Seed@31baf0f8]
2024-01-15 14:21:03.524 [http-nio-8050-exec-5] INFO  com.opnapp.services.SeedServiceImpl - Viewing seed by ID: 2
2024-01-15 14:21:03.524 [http-nio-8050-exec-5] INFO  com.opnapp.DAO.SeedDaoImpl - Viewing seed by ID: 2
2024-01-15 14:21:03.527 [http-nio-8050-exec-5] INFO  com.opnapp.DAO.SeedDaoImpl - Seed found: com.opnapp.models.Seed@37444915
2024-01-15 14:21:03.527 [http-nio-8050-exec-5] INFO  com.opnapp.services.SeedServiceImpl - Seed found: com.opnapp.models.Seed@37444915
2024-01-15 14:21:09.823 [http-nio-8050-exec-6] INFO  com.opnapp.services.SeedServiceImpl - Viewing seed by ID: 1
2024-01-15 14:21:09.823 [http-nio-8050-exec-6] INFO  com.opnapp.DAO.SeedDaoImpl - Viewing seed by ID: 1
2024-01-15 14:21:09.826 [http-nio-8050-exec-6] INFO  com.opnapp.DAO.SeedDaoImpl - Seed found: null
2024-01-15 14:21:09.826 [http-nio-8050-exec-6] WARN  o.s.w.s.m.m.a.ExceptionHandlerExceptionResolver - Resolved [com.opnapp.exception.InvalidEntityException: Seed with ID 1 not found]
2024-01-15 14:21:15.051 [http-nio-8050-exec-7] INFO  c.opnapp.services.PlanterServiceImpl - Viewing all planters
2024-01-15 14:21:15.051 [http-nio-8050-exec-7] INFO  com.opnapp.DAO.PlanterDAOImpl - Viewing all planters
2024-01-15 14:21:15.057 [http-nio-8050-exec-7] INFO  com.opnapp.DAO.PlanterDAOImpl - All planters viewed successfully: 10
2024-01-15 14:21:21.348 [http-nio-8050-exec-8] INFO  c.opnapp.services.PlanterServiceImpl - Viewing planter by ID: 1
2024-01-15 14:21:21.348 [http-nio-8050-exec-8] INFO  com.opnapp.DAO.PlanterDAOImpl - Viewing planter by ID: 1
2024-01-15 14:21:21.351 [http-nio-8050-exec-8] INFO  com.opnapp.DAO.PlanterDAOImpl - Planter viewed successfully: com.opnapp.models.Planter@7c5a3b69
2024-01-15 14:21:25.805 [http-nio-8050-exec-9] INFO  c.opnapp.services.PlanterServiceImpl - Viewing planter by ID: 11
2024-01-15 14:21:25.805 [http-nio-8050-exec-9] INFO  com.opnapp.DAO.PlanterDAOImpl - Viewing planter by ID: 11
2024-01-15 14:21:25.807 [http-nio-8050-exec-9] WARN  com.opnapp.DAO.PlanterDAOImpl - Planter with ID 11 not found
2024-01-15 14:21:25.808 [http-nio-8050-exec-9] WARN  o.s.w.s.m.m.a.ExceptionHandlerExceptionResolver - Resolved [com.opnapp.exception.InvalidEntityException: Planter with ID 11 not found]
2024-01-15 14:21:37.389 [http-nio-8050-exec-10] INFO  c.opnapp.services.PlantServiceImpl - Viewing all plants
2024-01-15 14:21:37.389 [http-nio-8050-exec-10] INFO  com.opnapp.DAO.PlantDaoImpl - Viewing all plants
2024-01-15 14:21:50.177 [http-nio-8050-exec-1] INFO  c.opnapp.services.PlantServiceImpl - Viewing plants by common name
2024-01-15 14:21:50.177 [http-nio-8050-exec-1] INFO  com.opnapp.DAO.PlantDaoImpl - Viewing plants by common name: aaa
2024-01-15 14:22:50.949 [http-nio-8050-exec-3] INFO  c.opnapp.services.PlantServiceImpl - Viewing plants by common name
2024-01-15 14:22:50.949 [http-nio-8050-exec-3] INFO  com.opnapp.DAO.PlantDaoImpl - Viewing plants by common name: aa
2024-01-15 14:24:10.228 [http-nio-8050-exec-5] INFO  c.opnapp.services.PlantServiceImpl - Viewing plants by common name
2024-01-15 14:24:10.228 [http-nio-8050-exec-5] INFO  com.opnapp.DAO.PlantDaoImpl - Viewing plants by common name: aa
2024-01-15 14:28:17.295 [RMI TCP Connection(1272)-127.0.0.1] INFO  o.s.b.a.SpringApplicationAdminMXBeanRegistrar$SpringApplicationAdmin - Application shutdown requested.
2024-01-15 14:28:17.316 [RMI TCP Connection(1272)-127.0.0.1] INFO  o.a.coyote.http11.Http11NioProtocol - Pausing ProtocolHandler ["http-nio-8050"]
2024-01-15 14:28:17.316 [RMI TCP Connection(1272)-127.0.0.1] INFO  o.a.catalina.core.StandardService - Stopping service [Tomcat]
2024-01-15 14:28:17.318 [RMI TCP Connection(1272)-127.0.0.1] INFO  o.a.c.c.C.[Tomcat].[localhost].[/] - Destroying Spring FrameworkServlet 'dispatcherServlet'
2024-01-15 14:28:17.325 [RMI TCP Connection(1272)-127.0.0.1] INFO  o.a.coyote.http11.Http11NioProtocol - Stopping ProtocolHandler ["http-nio-8050"]
2024-01-15 14:28:17.327 [RMI TCP Connection(1272)-127.0.0.1] INFO  o.a.coyote.http11.Http11NioProtocol - Destroying ProtocolHandler ["http-nio-8050"]
2024-01-15 14:28:17.330 [RMI TCP Connection(1272)-127.0.0.1] INFO  o.s.o.j.LocalContainerEntityManagerFactoryBean - Closing JPA EntityManagerFactory for persistence unit 'default'
2024-01-15 14:28:17.334 [RMI TCP Connection(1272)-127.0.0.1] INFO  com.zaxxer.hikari.HikariDataSource - HikariPool-3 - Shutdown initiated...
2024-01-15 14:28:17.338 [RMI TCP Connection(1272)-127.0.0.1] INFO  com.zaxxer.hikari.HikariDataSource - HikariPool-3 - Shutdown completed.
2024-01-15 14:58:04.783 [restartedMain] INFO  com.opnapp.OpnappApplication - Starting OpnappApplication using Java 17.0.8 with PID 12100 (C:\Users\GPRITHAM\Desktop\FinalProject\opnapp\target\classes started by gpritham in C:\Users\GPRITHAM\Desktop\FinalProject\opnapp)
2024-01-15 14:58:04.785 [restartedMain] INFO  com.opnapp.OpnappApplication - No active profile set, falling back to 1 default profile: "default"
2024-01-15 14:58:04.829 [restartedMain] INFO  o.s.b.d.e.DevToolsPropertyDefaultsPostProcessor - Devtools property defaults active! Set 'spring.devtools.add-properties' to 'false' to disable
2024-01-15 14:58:04.829 [restartedMain] INFO  o.s.b.d.e.DevToolsPropertyDefaultsPostProcessor - For additional web related logging consider setting the 'logging.level.web' property to 'DEBUG'
2024-01-15 14:58:05.497 [restartedMain] INFO  o.s.d.r.c.RepositoryConfigurationDelegate - Bootstrapping Spring Data JPA repositories in DEFAULT mode.
2024-01-15 14:58:05.618 [restartedMain] INFO  o.s.d.r.c.RepositoryConfigurationDelegate - Finished Spring Data repository scanning in 112 ms. Found 7 JPA repository interfaces.
2024-01-15 14:58:06.357 [restartedMain] INFO  o.s.b.w.e.tomcat.TomcatWebServer - Tomcat initialized with port(s): 8050 (http)
2024-01-15 14:58:06.367 [restartedMain] INFO  o.a.coyote.http11.Http11NioProtocol - Initializing ProtocolHandler ["http-nio-8050"]
2024-01-15 14:58:06.369 [restartedMain] INFO  o.a.catalina.core.StandardService - Starting service [Tomcat]
2024-01-15 14:58:06.369 [restartedMain] INFO  o.a.catalina.core.StandardEngine - Starting Servlet engine: [Apache Tomcat/10.1.16]
2024-01-15 14:58:06.448 [restartedMain] INFO  o.a.c.c.C.[Tomcat].[localhost].[/] - Initializing Spring embedded WebApplicationContext
2024-01-15 14:58:06.449 [restartedMain] INFO  o.s.b.w.s.c.ServletWebServerApplicationContext - Root WebApplicationContext: initialization completed in 1618 ms
2024-01-15 14:58:06.640 [restartedMain] INFO  o.h.jpa.internal.util.LogHelper - HHH000204: Processing PersistenceUnitInfo [name: default]
2024-01-15 14:58:06.736 [restartedMain] INFO  org.hibernate.Version - HHH000412: Hibernate ORM core version 6.2.13.Final
2024-01-15 14:58:06.740 [restartedMain] INFO  org.hibernate.cfg.Environment - HHH000406: Using bytecode reflection optimizer
2024-01-15 14:58:07.061 [restartedMain] INFO  o.s.o.j.p.SpringPersistenceUnitInfo - No LoadTimeWeaver setup: ignoring JPA class transformer
2024-01-15 14:58:07.088 [restartedMain] INFO  com.zaxxer.hikari.HikariDataSource - HikariPool-1 - Starting...
2024-01-15 14:58:07.397 [restartedMain] INFO  com.zaxxer.hikari.pool.HikariPool - HikariPool-1 - Added connection com.mysql.cj.jdbc.ConnectionImpl@4058e094
2024-01-15 14:58:07.401 [restartedMain] INFO  com.zaxxer.hikari.HikariDataSource - HikariPool-1 - Start completed.
2024-01-15 14:58:08.461 [restartedMain] INFO  o.h.e.t.j.p.i.JtaPlatformInitiator - HHH000489: No JTA platform available (set 'hibernate.transaction.jta.platform' to enable JTA platform integration)
2024-01-15 14:58:08.543 [restartedMain] INFO  o.s.o.j.LocalContainerEntityManagerFactoryBean - Initialized JPA EntityManagerFactory for persistence unit 'default'
2024-01-15 14:58:08.767 [restartedMain] INFO  o.s.d.j.r.query.QueryEnhancerFactory - Hibernate is in classpath; If applicable, HQL parser will be used.
2024-01-15 14:58:09.403 [restartedMain] WARN  o.s.b.a.o.j.JpaBaseConfiguration$JpaWebConfiguration - spring.jpa.open-in-view is enabled by default. Therefore, database queries may be performed during view rendering. Explicitly configure spring.jpa.open-in-view to disable this warning
2024-01-15 14:58:09.775 [restartedMain] INFO  o.s.b.d.a.OptionalLiveReloadServer - LiveReload server is running on port 35729
2024-01-15 14:58:09.791 [restartedMain] INFO  o.a.coyote.http11.Http11NioProtocol - Starting ProtocolHandler ["http-nio-8050"]
2024-01-15 14:58:09.829 [restartedMain] INFO  o.s.b.w.e.tomcat.TomcatWebServer - Tomcat started on port(s): 8050 (http) with context path ''
2024-01-15 14:58:09.836 [restartedMain] INFO  com.opnapp.OpnappApplication - Started OpnappApplication in 5.526 seconds (process running for 6.324)
2024-01-15 14:58:54.987 [http-nio-8050-exec-1] INFO  o.a.c.c.C.[Tomcat].[localhost].[/] - Initializing Spring DispatcherServlet 'dispatcherServlet'
2024-01-15 14:58:54.987 [http-nio-8050-exec-1] INFO  o.s.web.servlet.DispatcherServlet - Initializing Servlet 'dispatcherServlet'
2024-01-15 14:58:54.987 [http-nio-8050-exec-1] INFO  o.s.web.servlet.DispatcherServlet - Completed initialization in 0 ms
2024-01-15 14:58:57.350 [http-nio-8050-exec-3] INFO  c.opnapp.services.PlantServiceImpl - Viewing all plants
2024-01-15 14:58:57.350 [http-nio-8050-exec-3] INFO  com.opnapp.DAO.PlantDaoImpl - Viewing all plants
2024-01-15 14:59:05.357 [http-nio-8050-exec-4] INFO  c.opnapp.services.PlantServiceImpl - Viewing plant by ID
2024-01-15 14:59:05.371 [http-nio-8050-exec-4] INFO  com.opnapp.DAO.PlantDaoImpl - Viewing plant with ID: 11
2024-01-15 14:59:09.509 [http-nio-8050-exec-5] INFO  c.opnapp.services.PlantServiceImpl - Viewing plant by ID
2024-01-15 14:59:09.518 [http-nio-8050-exec-5] WARN  o.s.w.s.m.m.a.ExceptionHandlerExceptionResolver - Resolved [com.opnapp.exception.InvalidEntityException: Enter valid Id]
2024-01-15 15:00:35.281 [http-nio-8050-exec-7] INFO  c.opnapp.services.OrderServiceImpl - Viewing all orders
2024-01-15 15:00:35.288 [http-nio-8050-exec-7] INFO  com.opnapp.DAO.OrderDAOImpl - Retrieved all orders successfully. Total orders: 2
2024-01-15 15:00:40.394 [http-nio-8050-exec-8] INFO  c.opnapp.services.PlanterServiceImpl - Viewing all planters
2024-01-15 15:00:40.395 [http-nio-8050-exec-8] INFO  com.opnapp.DAO.PlanterDAOImpl - Viewing all planters
2024-01-15 15:00:40.401 [http-nio-8050-exec-8] INFO  com.opnapp.DAO.PlanterDAOImpl - All planters viewed successfully: 10
2024-01-15 15:00:50.305 [http-nio-8050-exec-9] INFO  com.opnapp.services.SeedServiceImpl - Viewing all seeds
2024-01-15 15:00:50.306 [http-nio-8050-exec-9] INFO  com.opnapp.DAO.SeedDaoImpl - Viewing all seeds
2024-01-15 15:00:50.355 [http-nio-8050-exec-9] INFO  com.opnapp.DAO.SeedDaoImpl - All seeds found: [com.opnapp.models.Seed@2f5a95e7, com.opnapp.models.Seed@3ee5768d, com.opnapp.models.Seed@2ea97cc9, com.opnapp.models.Seed@42318b37, com.opnapp.models.Seed@2edf146e, com.opnapp.models.Seed@90b7e2d, com.opnapp.models.Seed@61a3e440, com.opnapp.models.Seed@5ddd48da, com.opnapp.models.Seed@6512b11e, com.opnapp.models.Seed@770d0a83]
2024-01-15 15:00:50.355 [http-nio-8050-exec-9] INFO  com.opnapp.services.SeedServiceImpl - All seeds found: [com.opnapp.models.Seed@2f5a95e7, com.opnapp.models.Seed@3ee5768d, com.opnapp.models.Seed@2ea97cc9, com.opnapp.models.Seed@42318b37, com.opnapp.models.Seed@2edf146e, com.opnapp.models.Seed@90b7e2d, com.opnapp.models.Seed@61a3e440, com.opnapp.models.Seed@5ddd48da, com.opnapp.models.Seed@6512b11e, com.opnapp.models.Seed@770d0a83]
2024-01-15 15:00:55.622 [http-nio-8050-exec-10] INFO  c.opnapp.services.PlantServiceImpl - Viewing all plants
2024-01-15 15:00:55.622 [http-nio-8050-exec-10] INFO  com.opnapp.DAO.PlantDaoImpl - Viewing all plants
2024-01-15 15:00:57.433 [http-nio-8050-exec-2] INFO  c.opnapp.services.PlantServiceImpl - Deleting plant
2024-01-15 15:00:57.478 [http-nio-8050-exec-2] INFO  com.opnapp.DAO.PlantDaoImpl - Deleting seed with ID: 11
2024-01-15 15:00:57.501 [http-nio-8050-exec-2] INFO  com.opnapp.DAO.PlantDaoImpl - Seed deleted successfully with ID: 11
2024-01-15 15:00:59.175 [http-nio-8050-exec-3] INFO  c.opnapp.services.OrderServiceImpl - Viewing all orders
2024-01-15 15:00:59.183 [http-nio-8050-exec-3] INFO  com.opnapp.DAO.OrderDAOImpl - Retrieved all orders successfully. Total orders: 2
2024-01-15 15:10:58.968 [http-nio-8050-exec-6] INFO  c.opnapp.services.PlanterServiceImpl - Viewing all planters
2024-01-15 15:10:58.968 [http-nio-8050-exec-6] INFO  com.opnapp.DAO.PlanterDAOImpl - Viewing all planters
2024-01-15 15:10:58.975 [http-nio-8050-exec-6] INFO  com.opnapp.DAO.PlanterDAOImpl - All planters viewed successfully: 10
2024-01-15 15:11:01.886 [http-nio-8050-exec-7] INFO  com.opnapp.services.SeedServiceImpl - Viewing all seeds
2024-01-15 15:11:01.886 [http-nio-8050-exec-7] INFO  com.opnapp.DAO.SeedDaoImpl - Viewing all seeds
2024-01-15 15:11:01.924 [http-nio-8050-exec-7] INFO  com.opnapp.DAO.SeedDaoImpl - All seeds found: [com.opnapp.models.Seed@1156aed1, com.opnapp.models.Seed@6e5adc28, com.opnapp.models.Seed@26a4f9f2, com.opnapp.models.Seed@2408e0b6, com.opnapp.models.Seed@2cec0434, com.opnapp.models.Seed@689c3113, com.opnapp.models.Seed@391f9fd7, com.opnapp.models.Seed@73904ec8, com.opnapp.models.Seed@1c248a3d, com.opnapp.models.Seed@5c5ba4e4]
2024-01-15 15:11:01.924 [http-nio-8050-exec-7] INFO  com.opnapp.services.SeedServiceImpl - All seeds found: [com.opnapp.models.Seed@1156aed1, com.opnapp.models.Seed@6e5adc28, com.opnapp.models.Seed@26a4f9f2, com.opnapp.models.Seed@2408e0b6, com.opnapp.models.Seed@2cec0434, com.opnapp.models.Seed@689c3113, com.opnapp.models.Seed@391f9fd7, com.opnapp.models.Seed@73904ec8, com.opnapp.models.Seed@1c248a3d, com.opnapp.models.Seed@5c5ba4e4]
2024-01-15 15:11:04.797 [http-nio-8050-exec-8] INFO  c.opnapp.services.PlantServiceImpl - Viewing all plants
2024-01-15 15:11:04.797 [http-nio-8050-exec-8] INFO  com.opnapp.DAO.PlantDaoImpl - Viewing all plants
2024-01-15 15:11:08.443 [http-nio-8050-exec-9] INFO  c.opnapp.services.OrderServiceImpl - Viewing all orders
2024-01-15 15:11:08.451 [http-nio-8050-exec-9] INFO  com.opnapp.DAO.OrderDAOImpl - Retrieved all orders successfully. Total orders: 2
2024-01-15 15:11:12.821 [http-nio-8050-exec-10] INFO  com.opnapp.services.SeedServiceImpl - Viewing all seeds
2024-01-15 15:11:12.821 [http-nio-8050-exec-10] INFO  com.opnapp.DAO.SeedDaoImpl - Viewing all seeds
2024-01-15 15:11:12.855 [http-nio-8050-exec-10] INFO  com.opnapp.DAO.SeedDaoImpl - All seeds found: [com.opnapp.models.Seed@349868bc, com.opnapp.models.Seed@569650d, com.opnapp.models.Seed@72235d02, com.opnapp.models.Seed@6b1241af, com.opnapp.models.Seed@4ed248e0, com.opnapp.models.Seed@3620c542, com.opnapp.models.Seed@92ba8f9, com.opnapp.models.Seed@5ae7cbfb, com.opnapp.models.Seed@715fe12, com.opnapp.models.Seed@4ef2bda5]
2024-01-15 15:11:12.857 [http-nio-8050-exec-10] INFO  com.opnapp.services.SeedServiceImpl - All seeds found: [com.opnapp.models.Seed@349868bc, com.opnapp.models.Seed@569650d, com.opnapp.models.Seed@72235d02, com.opnapp.models.Seed@6b1241af, com.opnapp.models.Seed@4ed248e0, com.opnapp.models.Seed@3620c542, com.opnapp.models.Seed@92ba8f9, com.opnapp.models.Seed@5ae7cbfb, com.opnapp.models.Seed@715fe12, com.opnapp.models.Seed@4ef2bda5]
2024-01-15 15:11:46.197 [http-nio-8050-exec-2] INFO  com.opnapp.services.SeedServiceImpl - Adding seed: com.opnapp.models.Seed@1cc88bd1
2024-01-15 15:11:46.198 [http-nio-8050-exec-2] INFO  com.opnapp.DAO.SeedDaoImpl - Adding seed: com.opnapp.models.Seed@1cc88bd1
2024-01-15 15:11:46.246 [http-nio-8050-exec-2] INFO  com.opnapp.DAO.SeedDaoImpl - Seed added successfully: com.opnapp.models.Seed@1cc88bd1
2024-01-15 15:11:46.246 [http-nio-8050-exec-2] INFO  com.opnapp.services.SeedServiceImpl - Seed added successfully: com.opnapp.models.Seed@1cc88bd1
2024-01-15 15:11:59.010 [http-nio-8050-exec-3] INFO  com.opnapp.services.SeedServiceImpl - Viewing seed by ID: 102
2024-01-15 15:11:59.010 [http-nio-8050-exec-3] INFO  com.opnapp.DAO.SeedDaoImpl - Viewing seed by ID: 102
2024-01-15 15:11:59.015 [http-nio-8050-exec-3] INFO  com.opnapp.DAO.SeedDaoImpl - Seed found: com.opnapp.models.Seed@69f07a66
2024-01-15 15:11:59.016 [http-nio-8050-exec-3] INFO  com.opnapp.services.SeedServiceImpl - Seed found: com.opnapp.models.Seed@69f07a66
2024-01-15 15:12:04.154 [http-nio-8050-exec-4] INFO  c.opnapp.services.PlanterServiceImpl - Viewing all planters
2024-01-15 15:12:04.155 [http-nio-8050-exec-4] INFO  com.opnapp.DAO.PlanterDAOImpl - Viewing all planters
2024-01-15 15:12:04.161 [http-nio-8050-exec-4] INFO  com.opnapp.DAO.PlanterDAOImpl - All planters viewed successfully: 10
2024-01-15 15:12:05.657 [http-nio-8050-exec-5] INFO  c.opnapp.services.OrderServiceImpl - Viewing all orders
2024-01-15 15:12:05.662 [http-nio-8050-exec-5] INFO  com.opnapp.DAO.OrderDAOImpl - Retrieved all orders successfully. Total orders: 2
2024-01-15 15:12:09.527 [http-nio-8050-exec-6] INFO  com.opnapp.services.SeedServiceImpl - Viewing all seeds
2024-01-15 15:12:09.527 [http-nio-8050-exec-6] INFO  com.opnapp.DAO.SeedDaoImpl - Viewing all seeds
2024-01-15 15:12:09.562 [http-nio-8050-exec-6] INFO  com.opnapp.DAO.SeedDaoImpl - All seeds found: [com.opnapp.models.Seed@4137659e, com.opnapp.models.Seed@1a0ef375, com.opnapp.models.Seed@6db03cbf, com.opnapp.models.Seed@49cc2fe3, com.opnapp.models.Seed@63917fa7, com.opnapp.models.Seed@6426dca2, com.opnapp.models.Seed@2f080aeb, com.opnapp.models.Seed@6b8000b, com.opnapp.models.Seed@66e77e25, com.opnapp.models.Seed@22b22b7c, com.opnapp.models.Seed@1e772fbb]
2024-01-15 15:12:09.563 [http-nio-8050-exec-6] INFO  com.opnapp.services.SeedServiceImpl - All seeds found: [com.opnapp.models.Seed@4137659e, com.opnapp.models.Seed@1a0ef375, com.opnapp.models.Seed@6db03cbf, com.opnapp.models.Seed@49cc2fe3, com.opnapp.models.Seed@63917fa7, com.opnapp.models.Seed@6426dca2, com.opnapp.models.Seed@2f080aeb, com.opnapp.models.Seed@6b8000b, com.opnapp.models.Seed@66e77e25, com.opnapp.models.Seed@22b22b7c, com.opnapp.models.Seed@1e772fbb]
2024-01-15 15:12:19.694 [http-nio-8050-exec-7] INFO  c.opnapp.services.OrderServiceImpl - Viewing all orders
2024-01-15 15:12:19.699 [http-nio-8050-exec-7] INFO  com.opnapp.DAO.OrderDAOImpl - Retrieved all orders successfully. Total orders: 2
2024-01-15 15:13:06.625 [http-nio-8050-exec-10] INFO  c.opnapp.services.PlanterServiceImpl - Viewing all planters
2024-01-15 15:13:06.626 [http-nio-8050-exec-10] INFO  com.opnapp.DAO.PlanterDAOImpl - Viewing all planters
2024-01-15 15:13:06.634 [http-nio-8050-exec-10] INFO  com.opnapp.DAO.PlanterDAOImpl - All planters viewed successfully: 10
2024-01-15 15:13:11.157 [http-nio-8050-exec-1] INFO  c.opnapp.services.OrderServiceImpl - Viewing all orders
2024-01-15 15:13:11.162 [http-nio-8050-exec-1] INFO  com.opnapp.DAO.OrderDAOImpl - Retrieved all orders successfully. Total orders: 2
2024-01-15 15:13:14.625 [http-nio-8050-exec-2] INFO  c.opnapp.services.PlanterServiceImpl - Viewing all planters
2024-01-15 15:13:14.625 [http-nio-8050-exec-2] INFO  com.opnapp.DAO.PlanterDAOImpl - Viewing all planters
2024-01-15 15:13:14.638 [http-nio-8050-exec-2] INFO  com.opnapp.DAO.PlanterDAOImpl - All planters viewed successfully: 10
2024-01-15 15:13:21.312 [http-nio-8050-exec-3] INFO  com.opnapp.services.SeedServiceImpl - Viewing all seeds
2024-01-15 15:13:21.312 [http-nio-8050-exec-3] INFO  com.opnapp.DAO.SeedDaoImpl - Viewing all seeds
2024-01-15 15:13:21.345 [http-nio-8050-exec-3] INFO  com.opnapp.DAO.SeedDaoImpl - All seeds found: [com.opnapp.models.Seed@375c4fb9, com.opnapp.models.Seed@64c49557, com.opnapp.models.Seed@dcf0446, com.opnapp.models.Seed@240af756, com.opnapp.models.Seed@2bf75ecf, com.opnapp.models.Seed@6c37050a, com.opnapp.models.Seed@4ad9d9e1, com.opnapp.models.Seed@3a35bcb6, com.opnapp.models.Seed@1fd57ae7, com.opnapp.models.Seed@e29461f, com.opnapp.models.Seed@796c8a80]
2024-01-15 15:13:21.346 [http-nio-8050-exec-3] INFO  com.opnapp.services.SeedServiceImpl - All seeds found: [com.opnapp.models.Seed@375c4fb9, com.opnapp.models.Seed@64c49557, com.opnapp.models.Seed@dcf0446, com.opnapp.models.Seed@240af756, com.opnapp.models.Seed@2bf75ecf, com.opnapp.models.Seed@6c37050a, com.opnapp.models.Seed@4ad9d9e1, com.opnapp.models.Seed@3a35bcb6, com.opnapp.models.Seed@1fd57ae7, com.opnapp.models.Seed@e29461f, com.opnapp.models.Seed@796c8a80]
2024-01-15 15:13:25.666 [http-nio-8050-exec-4] INFO  c.opnapp.services.PlantServiceImpl - Viewing all plants
2024-01-15 15:13:25.666 [http-nio-8050-exec-4] INFO  com.opnapp.DAO.PlantDaoImpl - Viewing all plants
2024-01-15 15:13:30.378 [http-nio-8050-exec-5] INFO  c.opnapp.services.OrderServiceImpl - Viewing all orders
2024-01-15 15:13:30.383 [http-nio-8050-exec-5] INFO  com.opnapp.DAO.OrderDAOImpl - Retrieved all orders successfully. Total orders: 2
2024-01-15 15:13:34.949 [http-nio-8050-exec-7] INFO  c.opnapp.services.OrderServiceImpl - Adding order: com.opnapp.models.Order@6b541bb2
2024-01-15 15:13:34.963 [http-nio-8050-exec-7] INFO  com.opnapp.DAO.OrderDAOImpl - Order added successfully: com.opnapp.models.Order@6b541bb2
2024-01-15 15:14:19.037 [http-nio-8050-exec-9] INFO  c.opnapp.services.OrderServiceImpl - Viewing all orders
2024-01-15 15:14:19.045 [http-nio-8050-exec-9] INFO  com.opnapp.DAO.OrderDAOImpl - Retrieved all orders successfully. Total orders: 3
2024-01-15 15:14:34.559 [http-nio-8050-exec-10] INFO  c.opnapp.services.PlanterServiceImpl - Viewing all planters
2024-01-15 15:14:34.559 [http-nio-8050-exec-10] INFO  com.opnapp.DAO.PlanterDAOImpl - Viewing all planters
2024-01-15 15:14:34.565 [http-nio-8050-exec-10] INFO  com.opnapp.DAO.PlanterDAOImpl - All planters viewed successfully: 10
2024-01-15 15:14:35.841 [http-nio-8050-exec-1] INFO  c.opnapp.services.OrderServiceImpl - Viewing all orders
2024-01-15 15:14:35.847 [http-nio-8050-exec-1] INFO  com.opnapp.DAO.OrderDAOImpl - Retrieved all orders successfully. Total orders: 3
2024-01-15 15:14:36.771 [http-nio-8050-exec-2] INFO  c.o.services.CustomerServiceImpl - Viewing customer by ID: 3
2024-01-15 15:14:36.779 [http-nio-8050-exec-2] INFO  com.opnapp.DAO.CustomerDAOImpl - Viewed customer with ID: 3
2024-01-15 15:15:00.388 [http-nio-8050-exec-3] INFO  c.opnapp.services.PlantServiceImpl - Viewing all plants
2024-01-15 15:15:00.388 [http-nio-8050-exec-3] INFO  com.opnapp.DAO.PlantDaoImpl - Viewing all plants
2024-01-15 15:15:08.333 [http-nio-8050-exec-4] INFO  c.opnapp.services.PlantServiceImpl - Viewing plant by ID
2024-01-15 15:15:08.338 [http-nio-8050-exec-4] INFO  com.opnapp.DAO.PlantDaoImpl - Viewing plant with ID: 12
2024-01-17 09:55:19.774 [restartedMain] INFO  com.opnapp.OpnappApplication - Starting OpnappApplication using Java 17.0.8.1 with PID 14372 (C:\opnapp Idigital\backend\opnapp\target\classes started by shaloli in C:\opnapp Idigital\backend\opnapp)
2024-01-17 09:55:19.778 [restartedMain] INFO  com.opnapp.OpnappApplication - No active profile set, falling back to 1 default profile: "default"
2024-01-17 09:55:19.861 [restartedMain] INFO  o.s.b.d.e.DevToolsPropertyDefaultsPostProcessor - Devtools property defaults active! Set 'spring.devtools.add-properties' to 'false' to disable
2024-01-17 09:55:19.861 [restartedMain] INFO  o.s.b.d.e.DevToolsPropertyDefaultsPostProcessor - For additional web related logging consider setting the 'logging.level.web' property to 'DEBUG'
2024-01-17 09:55:21.193 [restartedMain] INFO  o.s.d.r.c.RepositoryConfigurationDelegate - Bootstrapping Spring Data JPA repositories in DEFAULT mode.
2024-01-17 09:55:21.357 [restartedMain] INFO  o.s.d.r.c.RepositoryConfigurationDelegate - Finished Spring Data repository scanning in 147 ms. Found 7 JPA repository interfaces.
2024-01-17 09:55:22.742 [restartedMain] INFO  o.s.b.w.e.tomcat.TomcatWebServer - Tomcat initialized with port(s): 8050 (http)
2024-01-17 09:55:22.765 [restartedMain] INFO  o.a.coyote.http11.Http11NioProtocol - Initializing ProtocolHandler ["http-nio-8050"]
2024-01-17 09:55:22.773 [restartedMain] INFO  o.a.catalina.core.StandardService - Starting service [Tomcat]
2024-01-17 09:55:22.774 [restartedMain] INFO  o.a.catalina.core.StandardEngine - Starting Servlet engine: [Apache Tomcat/10.1.16]
2024-01-17 09:55:22.975 [restartedMain] INFO  o.a.c.c.C.[Tomcat].[localhost].[/] - Initializing Spring embedded WebApplicationContext
2024-01-17 09:55:22.978 [restartedMain] INFO  o.s.b.w.s.c.ServletWebServerApplicationContext - Root WebApplicationContext: initialization completed in 3113 ms
2024-01-17 09:55:23.459 [restartedMain] INFO  o.h.jpa.internal.util.LogHelper - HHH000204: Processing PersistenceUnitInfo [name: default]
2024-01-17 09:55:23.639 [restartedMain] INFO  org.hibernate.Version - HHH000412: Hibernate ORM core version 6.2.13.Final
2024-01-17 09:55:23.645 [restartedMain] INFO  org.hibernate.cfg.Environment - HHH000406: Using bytecode reflection optimizer
2024-01-17 09:55:24.234 [restartedMain] INFO  o.s.o.j.p.SpringPersistenceUnitInfo - No LoadTimeWeaver setup: ignoring JPA class transformer
2024-01-17 09:55:24.291 [restartedMain] INFO  com.zaxxer.hikari.HikariDataSource - HikariPool-1 - Starting...
2024-01-17 09:55:25.875 [restartedMain] ERROR com.zaxxer.hikari.pool.HikariPool - HikariPool-1 - Exception during pool initialization.
java.sql.SQLSyntaxErrorException: Unknown database 'idigital'
	at com.mysql.cj.jdbc.exceptions.SQLError.createSQLException(SQLError.java:121)
	at com.mysql.cj.jdbc.exceptions.SQLExceptionsMapping.translateException(SQLExceptionsMapping.java:122)
	at com.mysql.cj.jdbc.ConnectionImpl.createNewIO(ConnectionImpl.java:825)
	at com.mysql.cj.jdbc.ConnectionImpl.<init>(ConnectionImpl.java:446)
	at com.mysql.cj.jdbc.ConnectionImpl.getInstance(ConnectionImpl.java:239)
	at com.mysql.cj.jdbc.NonRegisteringDriver.connect(NonRegisteringDriver.java:188)
	at com.zaxxer.hikari.util.DriverDataSource.getConnection(DriverDataSource.java:138)
	at com.zaxxer.hikari.pool.PoolBase.newConnection(PoolBase.java:359)
	at com.zaxxer.hikari.pool.PoolBase.newPoolEntry(PoolBase.java:201)
	at com.zaxxer.hikari.pool.HikariPool.createPoolEntry(HikariPool.java:470)
	at com.zaxxer.hikari.pool.HikariPool.checkFailFast(HikariPool.java:561)
	at com.zaxxer.hikari.pool.HikariPool.<init>(HikariPool.java:100)
	at com.zaxxer.hikari.HikariDataSource.getConnection(HikariDataSource.java:112)
	at org.hibernate.engine.jdbc.connections.internal.DatasourceConnectionProviderImpl.getConnection(DatasourceConnectionProviderImpl.java:122)
	at org.hibernate.engine.jdbc.env.internal.JdbcEnvironmentInitiator$ConnectionProviderJdbcConnectionAccess.obtainConnection(JdbcEnvironmentInitiator.java:437)
	at org.hibernate.resource.transaction.backend.jdbc.internal.JdbcIsolationDelegate.delegateWork(JdbcIsolationDelegate.java:61)
	at org.hibernate.engine.jdbc.env.internal.JdbcEnvironmentInitiator.getJdbcEnvironmentUsingJdbcMetadata(JdbcEnvironmentInitiator.java:279)
	at org.hibernate.engine.jdbc.env.internal.JdbcEnvironmentInitiator.initiateService(JdbcEnvironmentInitiator.java:193)
	at org.hibernate.engine.jdbc.env.internal.JdbcEnvironmentInitiator.initiateService(JdbcEnvironmentInitiator.java:69)
	at org.hibernate.boot.registry.internal.StandardServiceRegistryImpl.initiateService(StandardServiceRegistryImpl.java:119)
	at org.hibernate.service.internal.AbstractServiceRegistryImpl.createService(AbstractServiceRegistryImpl.java:264)
	at org.hibernate.service.internal.AbstractServiceRegistryImpl.initializeService(AbstractServiceRegistryImpl.java:239)
	at org.hibernate.service.internal.AbstractServiceRegistryImpl.getService(AbstractServiceRegistryImpl.java:216)
	at org.hibernate.boot.model.relational.Database.<init>(Database.java:45)
	at org.hibernate.boot.internal.InFlightMetadataCollectorImpl.getDatabase(InFlightMetadataCollectorImpl.java:231)
	at org.hibernate.boot.internal.InFlightMetadataCollectorImpl.<init>(InFlightMetadataCollectorImpl.java:199)
	at org.hibernate.boot.model.process.spi.MetadataBuildingProcess.complete(MetadataBuildingProcess.java:169)
	at org.hibernate.jpa.boot.internal.EntityManagerFactoryBuilderImpl.metadata(EntityManagerFactoryBuilderImpl.java:1383)
	at org.hibernate.jpa.boot.internal.EntityManagerFactoryBuilderImpl.build(EntityManagerFactoryBuilderImpl.java:1454)
	at org.springframework.orm.jpa.vendor.SpringHibernateJpaPersistenceProvider.createContainerEntityManagerFactory(SpringHibernateJpaPersistenceProvider.java:75)
	at org.springframework.orm.jpa.LocalContainerEntityManagerFactoryBean.createNativeEntityManagerFactory(LocalContainerEntityManagerFactoryBean.java:376)
	at org.springframework.orm.jpa.AbstractEntityManagerFactoryBean.buildNativeEntityManagerFactory(AbstractEntityManagerFactoryBean.java:409)
	at org.springframework.orm.jpa.AbstractEntityManagerFactoryBean.afterPropertiesSet(AbstractEntityManagerFactoryBean.java:396)
	at org.springframework.orm.jpa.LocalContainerEntityManagerFactoryBean.afterPropertiesSet(LocalContainerEntityManagerFactoryBean.java:352)
	at org.springframework.beans.factory.support.AbstractAutowireCapableBeanFactory.invokeInitMethods(AbstractAutowireCapableBeanFactory.java:1817)
	at org.springframework.beans.factory.support.AbstractAutowireCapableBeanFactory.initializeBean(AbstractAutowireCapableBeanFactory.java:1766)
	at org.springframework.beans.factory.support.AbstractAutowireCapableBeanFactory.doCreateBean(AbstractAutowireCapableBeanFactory.java:598)
	at org.springframework.beans.factory.support.AbstractAutowireCapableBeanFactory.createBean(AbstractAutowireCapableBeanFactory.java:520)
	at org.springframework.beans.factory.support.AbstractBeanFactory.lambda$doGetBean$0(AbstractBeanFactory.java:325)
	at org.springframework.beans.factory.support.DefaultSingletonBeanRegistry.getSingleton(DefaultSingletonBeanRegistry.java:234)
	at org.springframework.beans.factory.support.AbstractBeanFactory.doGetBean(AbstractBeanFactory.java:323)
	at org.springframework.beans.factory.support.AbstractBeanFactory.getBean(AbstractBeanFactory.java:199)
	at org.springframework.context.support.AbstractApplicationContext.getBean(AbstractApplicationContext.java:1166)
	at org.springframework.context.support.AbstractApplicationContext.finishBeanFactoryInitialization(AbstractApplicationContext.java:940)
	at org.springframework.context.support.AbstractApplicationContext.refresh(AbstractApplicationContext.java:616)
	at org.springframework.boot.web.servlet.context.ServletWebServerApplicationContext.refresh(ServletWebServerApplicationContext.java:146)
	at org.springframework.boot.SpringApplication.refresh(SpringApplication.java:738)
	at org.springframework.boot.SpringApplication.refreshContext(SpringApplication.java:440)
	at org.springframework.boot.SpringApplication.run(SpringApplication.java:316)
	at org.springframework.boot.SpringApplication.run(SpringApplication.java:1306)
	at org.springframework.boot.SpringApplication.run(SpringApplication.java:1295)
	at com.opnapp.OpnappApplication.main(OpnappApplication.java:10)
	at java.base/jdk.internal.reflect.NativeMethodAccessorImpl.invoke0(Native Method)
	at java.base/jdk.internal.reflect.NativeMethodAccessorImpl.invoke(NativeMethodAccessorImpl.java:77)
	at java.base/jdk.internal.reflect.DelegatingMethodAccessorImpl.invoke(DelegatingMethodAccessorImpl.java:43)
	at java.base/java.lang.reflect.Method.invoke(Method.java:568)
	at org.springframework.boot.devtools.restart.RestartLauncher.run(RestartLauncher.java:50)
2024-01-17 09:55:25.882 [restartedMain] WARN  o.h.e.j.e.i.JdbcEnvironmentInitiator - HHH000342: Could not obtain connection to query metadata
java.lang.NullPointerException: Cannot invoke "org.hibernate.engine.jdbc.spi.SqlExceptionHelper.convert(java.sql.SQLException, String)" because the return value of "org.hibernate.resource.transaction.backend.jdbc.internal.JdbcIsolationDelegate.sqlExceptionHelper()" is null
	at org.hibernate.resource.transaction.backend.jdbc.internal.JdbcIsolationDelegate.delegateWork(JdbcIsolationDelegate.java:116)
	at org.hibernate.engine.jdbc.env.internal.JdbcEnvironmentInitiator.getJdbcEnvironmentUsingJdbcMetadata(JdbcEnvironmentInitiator.java:279)
	at org.hibernate.engine.jdbc.env.internal.JdbcEnvironmentInitiator.initiateService(JdbcEnvironmentInitiator.java:193)
	at org.hibernate.engine.jdbc.env.internal.JdbcEnvironmentInitiator.initiateService(JdbcEnvironmentInitiator.java:69)
	at org.hibernate.boot.registry.internal.StandardServiceRegistryImpl.initiateService(StandardServiceRegistryImpl.java:119)
	at org.hibernate.service.internal.AbstractServiceRegistryImpl.createService(AbstractServiceRegistryImpl.java:264)
	at org.hibernate.service.internal.AbstractServiceRegistryImpl.initializeService(AbstractServiceRegistryImpl.java:239)
	at org.hibernate.service.internal.AbstractServiceRegistryImpl.getService(AbstractServiceRegistryImpl.java:216)
	at org.hibernate.boot.model.relational.Database.<init>(Database.java:45)
	at org.hibernate.boot.internal.InFlightMetadataCollectorImpl.getDatabase(InFlightMetadataCollectorImpl.java:231)
	at org.hibernate.boot.internal.InFlightMetadataCollectorImpl.<init>(InFlightMetadataCollectorImpl.java:199)
	at org.hibernate.boot.model.process.spi.MetadataBuildingProcess.complete(MetadataBuildingProcess.java:169)
	at org.hibernate.jpa.boot.internal.EntityManagerFactoryBuilderImpl.metadata(EntityManagerFactoryBuilderImpl.java:1383)
	at org.hibernate.jpa.boot.internal.EntityManagerFactoryBuilderImpl.build(EntityManagerFactoryBuilderImpl.java:1454)
	at org.springframework.orm.jpa.vendor.SpringHibernateJpaPersistenceProvider.createContainerEntityManagerFactory(SpringHibernateJpaPersistenceProvider.java:75)
	at org.springframework.orm.jpa.LocalContainerEntityManagerFactoryBean.createNativeEntityManagerFactory(LocalContainerEntityManagerFactoryBean.java:376)
	at org.springframework.orm.jpa.AbstractEntityManagerFactoryBean.buildNativeEntityManagerFactory(AbstractEntityManagerFactoryBean.java:409)
	at org.springframework.orm.jpa.AbstractEntityManagerFactoryBean.afterPropertiesSet(AbstractEntityManagerFactoryBean.java:396)
	at org.springframework.orm.jpa.LocalContainerEntityManagerFactoryBean.afterPropertiesSet(LocalContainerEntityManagerFactoryBean.java:352)
	at org.springframework.beans.factory.support.AbstractAutowireCapableBeanFactory.invokeInitMethods(AbstractAutowireCapableBeanFactory.java:1817)
	at org.springframework.beans.factory.support.AbstractAutowireCapableBeanFactory.initializeBean(AbstractAutowireCapableBeanFactory.java:1766)
	at org.springframework.beans.factory.support.AbstractAutowireCapableBeanFactory.doCreateBean(AbstractAutowireCapableBeanFactory.java:598)
	at org.springframework.beans.factory.support.AbstractAutowireCapableBeanFactory.createBean(AbstractAutowireCapableBeanFactory.java:520)
	at org.springframework.beans.factory.support.AbstractBeanFactory.lambda$doGetBean$0(AbstractBeanFactory.java:325)
	at org.springframework.beans.factory.support.DefaultSingletonBeanRegistry.getSingleton(DefaultSingletonBeanRegistry.java:234)
	at org.springframework.beans.factory.support.AbstractBeanFactory.doGetBean(AbstractBeanFactory.java:323)
	at org.springframework.beans.factory.support.AbstractBeanFactory.getBean(AbstractBeanFactory.java:199)
	at org.springframework.context.support.AbstractApplicationContext.getBean(AbstractApplicationContext.java:1166)
	at org.springframework.context.support.AbstractApplicationContext.finishBeanFactoryInitialization(AbstractApplicationContext.java:940)
	at org.springframework.context.support.AbstractApplicationContext.refresh(AbstractApplicationContext.java:616)
	at org.springframework.boot.web.servlet.context.ServletWebServerApplicationContext.refresh(ServletWebServerApplicationContext.java:146)
	at org.springframework.boot.SpringApplication.refresh(SpringApplication.java:738)
	at org.springframework.boot.SpringApplication.refreshContext(SpringApplication.java:440)
	at org.springframework.boot.SpringApplication.run(SpringApplication.java:316)
	at org.springframework.boot.SpringApplication.run(SpringApplication.java:1306)
	at org.springframework.boot.SpringApplication.run(SpringApplication.java:1295)
	at com.opnapp.OpnappApplication.main(OpnappApplication.java:10)
	at java.base/jdk.internal.reflect.NativeMethodAccessorImpl.invoke0(Native Method)
	at java.base/jdk.internal.reflect.NativeMethodAccessorImpl.invoke(NativeMethodAccessorImpl.java:77)
	at java.base/jdk.internal.reflect.DelegatingMethodAccessorImpl.invoke(DelegatingMethodAccessorImpl.java:43)
	at java.base/java.lang.reflect.Method.invoke(Method.java:568)
	at org.springframework.boot.devtools.restart.RestartLauncher.run(RestartLauncher.java:50)
2024-01-17 09:55:25.886 [restartedMain] ERROR o.s.o.j.LocalContainerEntityManagerFactoryBean - Failed to initialize JPA EntityManagerFactory: Unable to create requested service [org.hibernate.engine.jdbc.env.spi.JdbcEnvironment] due to: Unable to determine Dialect without JDBC metadata (please set 'javax.persistence.jdbc.url', 'hibernate.connection.url', or 'hibernate.dialect')
2024-01-17 09:55:25.887 [restartedMain] WARN  o.s.b.w.s.c.AnnotationConfigServletWebServerApplicationContext - Exception encountered during context initialization - cancelling refresh attempt: org.springframework.beans.factory.BeanCreationException: Error creating bean with name 'entityManagerFactory' defined in class path resource [org/springframework/boot/autoconfigure/orm/jpa/HibernateJpaConfiguration.class]: Unable to create requested service [org.hibernate.engine.jdbc.env.spi.JdbcEnvironment] due to: Unable to determine Dialect without JDBC metadata (please set 'javax.persistence.jdbc.url', 'hibernate.connection.url', or 'hibernate.dialect')
2024-01-17 09:55:25.895 [restartedMain] INFO  o.a.catalina.core.StandardService - Stopping service [Tomcat]
2024-01-17 09:55:25.916 [restartedMain] INFO  o.s.b.a.l.ConditionEvaluationReportLogger - 

Error starting ApplicationContext. To display the condition evaluation report re-run your application with 'debug' enabled.
2024-01-17 09:55:25.951 [restartedMain] ERROR o.s.boot.SpringApplication - Application run failed
org.springframework.beans.factory.BeanCreationException: Error creating bean with name 'entityManagerFactory' defined in class path resource [org/springframework/boot/autoconfigure/orm/jpa/HibernateJpaConfiguration.class]: Unable to create requested service [org.hibernate.engine.jdbc.env.spi.JdbcEnvironment] due to: Unable to determine Dialect without JDBC metadata (please set 'javax.persistence.jdbc.url', 'hibernate.connection.url', or 'hibernate.dialect')
	at org.springframework.beans.factory.support.AbstractAutowireCapableBeanFactory.initializeBean(AbstractAutowireCapableBeanFactory.java:1770)
	at org.springframework.beans.factory.support.AbstractAutowireCapableBeanFactory.doCreateBean(AbstractAutowireCapableBeanFactory.java:598)
	at org.springframework.beans.factory.support.AbstractAutowireCapableBeanFactory.createBean(AbstractAutowireCapableBeanFactory.java:520)
	at org.springframework.beans.factory.support.AbstractBeanFactory.lambda$doGetBean$0(AbstractBeanFactory.java:325)
	at org.springframework.beans.factory.support.DefaultSingletonBeanRegistry.getSingleton(DefaultSingletonBeanRegistry.java:234)
	at org.springframework.beans.factory.support.AbstractBeanFactory.doGetBean(AbstractBeanFactory.java:323)
	at org.springframework.beans.factory.support.AbstractBeanFactory.getBean(AbstractBeanFactory.java:199)
	at org.springframework.context.support.AbstractApplicationContext.getBean(AbstractApplicationContext.java:1166)
	at org.springframework.context.support.AbstractApplicationContext.finishBeanFactoryInitialization(AbstractApplicationContext.java:940)
	at org.springframework.context.support.AbstractApplicationContext.refresh(AbstractApplicationContext.java:616)
	at org.springframework.boot.web.servlet.context.ServletWebServerApplicationContext.refresh(ServletWebServerApplicationContext.java:146)
	at org.springframework.boot.SpringApplication.refresh(SpringApplication.java:738)
	at org.springframework.boot.SpringApplication.refreshContext(SpringApplication.java:440)
	at org.springframework.boot.SpringApplication.run(SpringApplication.java:316)
	at org.springframework.boot.SpringApplication.run(SpringApplication.java:1306)
	at org.springframework.boot.SpringApplication.run(SpringApplication.java:1295)
	at com.opnapp.OpnappApplication.main(OpnappApplication.java:10)
	at java.base/jdk.internal.reflect.NativeMethodAccessorImpl.invoke0(Native Method)
	at java.base/jdk.internal.reflect.NativeMethodAccessorImpl.invoke(NativeMethodAccessorImpl.java:77)
	at java.base/jdk.internal.reflect.DelegatingMethodAccessorImpl.invoke(DelegatingMethodAccessorImpl.java:43)
	at java.base/java.lang.reflect.Method.invoke(Method.java:568)
	at org.springframework.boot.devtools.restart.RestartLauncher.run(RestartLauncher.java:50)
Caused by: org.hibernate.service.spi.ServiceException: Unable to create requested service [org.hibernate.engine.jdbc.env.spi.JdbcEnvironment] due to: Unable to determine Dialect without JDBC metadata (please set 'javax.persistence.jdbc.url', 'hibernate.connection.url', or 'hibernate.dialect')
	at org.hibernate.service.internal.AbstractServiceRegistryImpl.createService(AbstractServiceRegistryImpl.java:277)
	at org.hibernate.service.internal.AbstractServiceRegistryImpl.initializeService(AbstractServiceRegistryImpl.java:239)
	at org.hibernate.service.internal.AbstractServiceRegistryImpl.getService(AbstractServiceRegistryImpl.java:216)
	at org.hibernate.boot.model.relational.Database.<init>(Database.java:45)
	at org.hibernate.boot.internal.InFlightMetadataCollectorImpl.getDatabase(InFlightMetadataCollectorImpl.java:231)
	at org.hibernate.boot.internal.InFlightMetadataCollectorImpl.<init>(InFlightMetadataCollectorImpl.java:199)
	at org.hibernate.boot.model.process.spi.MetadataBuildingProcess.complete(MetadataBuildingProcess.java:169)
	at org.hibernate.jpa.boot.internal.EntityManagerFactoryBuilderImpl.metadata(EntityManagerFactoryBuilderImpl.java:1383)
	at org.hibernate.jpa.boot.internal.EntityManagerFactoryBuilderImpl.build(EntityManagerFactoryBuilderImpl.java:1454)
	at org.springframework.orm.jpa.vendor.SpringHibernateJpaPersistenceProvider.createContainerEntityManagerFactory(SpringHibernateJpaPersistenceProvider.java:75)
	at org.springframework.orm.jpa.LocalContainerEntityManagerFactoryBean.createNativeEntityManagerFactory(LocalContainerEntityManagerFactoryBean.java:376)
	at org.springframework.orm.jpa.AbstractEntityManagerFactoryBean.buildNativeEntityManagerFactory(AbstractEntityManagerFactoryBean.java:409)
	at org.springframework.orm.jpa.AbstractEntityManagerFactoryBean.afterPropertiesSet(AbstractEntityManagerFactoryBean.java:396)
	at org.springframework.orm.jpa.LocalContainerEntityManagerFactoryBean.afterPropertiesSet(LocalContainerEntityManagerFactoryBean.java:352)
	at org.springframework.beans.factory.support.AbstractAutowireCapableBeanFactory.invokeInitMethods(AbstractAutowireCapableBeanFactory.java:1817)
	at org.springframework.beans.factory.support.AbstractAutowireCapableBeanFactory.initializeBean(AbstractAutowireCapableBeanFactory.java:1766)
	... 21 common frames omitted
Caused by: org.hibernate.HibernateException: Unable to determine Dialect without JDBC metadata (please set 'javax.persistence.jdbc.url', 'hibernate.connection.url', or 'hibernate.dialect')
	at org.hibernate.engine.jdbc.dialect.internal.DialectFactoryImpl.determineDialect(DialectFactoryImpl.java:190)
	at org.hibernate.engine.jdbc.dialect.internal.DialectFactoryImpl.buildDialect(DialectFactoryImpl.java:86)
	at org.hibernate.engine.jdbc.env.internal.JdbcEnvironmentInitiator.getJdbcEnvironmentWithDefaults(JdbcEnvironmentInitiator.java:229)
	at org.hibernate.engine.jdbc.env.internal.JdbcEnvironmentInitiator.getJdbcEnvironmentUsingJdbcMetadata(JdbcEnvironmentInitiator.java:381)
	at org.hibernate.engine.jdbc.env.internal.JdbcEnvironmentInitiator.initiateService(JdbcEnvironmentInitiator.java:193)
	at org.hibernate.engine.jdbc.env.internal.JdbcEnvironmentInitiator.initiateService(JdbcEnvironmentInitiator.java:69)
	at org.hibernate.boot.registry.internal.StandardServiceRegistryImpl.initiateService(StandardServiceRegistryImpl.java:119)
	at org.hibernate.service.internal.AbstractServiceRegistryImpl.createService(AbstractServiceRegistryImpl.java:264)
	... 36 common frames omitted
2024-01-17 09:56:09.139 [restartedMain] INFO  com.opnapp.OpnappApplication - Starting OpnappApplication using Java 17.0.8.1 with PID 22964 (C:\opnapp Idigital\backend\opnapp\target\classes started by shaloli in C:\opnapp Idigital\backend\opnapp)
2024-01-17 09:56:09.144 [restartedMain] INFO  com.opnapp.OpnappApplication - No active profile set, falling back to 1 default profile: "default"
2024-01-17 09:56:09.264 [restartedMain] INFO  o.s.b.d.e.DevToolsPropertyDefaultsPostProcessor - Devtools property defaults active! Set 'spring.devtools.add-properties' to 'false' to disable
2024-01-17 09:56:09.264 [restartedMain] INFO  o.s.b.d.e.DevToolsPropertyDefaultsPostProcessor - For additional web related logging consider setting the 'logging.level.web' property to 'DEBUG'
2024-01-17 09:56:10.461 [restartedMain] INFO  o.s.d.r.c.RepositoryConfigurationDelegate - Bootstrapping Spring Data JPA repositories in DEFAULT mode.
2024-01-17 09:56:10.632 [restartedMain] INFO  o.s.d.r.c.RepositoryConfigurationDelegate - Finished Spring Data repository scanning in 152 ms. Found 7 JPA repository interfaces.
2024-01-17 09:56:12.030 [restartedMain] INFO  o.s.b.w.e.tomcat.TomcatWebServer - Tomcat initialized with port(s): 8050 (http)
2024-01-17 09:56:12.046 [restartedMain] INFO  o.a.coyote.http11.Http11NioProtocol - Initializing ProtocolHandler ["http-nio-8050"]
2024-01-17 09:56:12.052 [restartedMain] INFO  o.a.catalina.core.StandardService - Starting service [Tomcat]
2024-01-17 09:56:12.052 [restartedMain] INFO  o.a.catalina.core.StandardEngine - Starting Servlet engine: [Apache Tomcat/10.1.16]
2024-01-17 09:56:12.227 [restartedMain] INFO  o.a.c.c.C.[Tomcat].[localhost].[/] - Initializing Spring embedded WebApplicationContext
2024-01-17 09:56:12.230 [restartedMain] INFO  o.s.b.w.s.c.ServletWebServerApplicationContext - Root WebApplicationContext: initialization completed in 2961 ms
2024-01-17 09:56:12.582 [restartedMain] INFO  o.h.jpa.internal.util.LogHelper - HHH000204: Processing PersistenceUnitInfo [name: default]
2024-01-17 09:56:12.685 [restartedMain] INFO  org.hibernate.Version - HHH000412: Hibernate ORM core version 6.2.13.Final
2024-01-17 09:56:12.691 [restartedMain] INFO  org.hibernate.cfg.Environment - HHH000406: Using bytecode reflection optimizer
2024-01-17 09:56:13.185 [restartedMain] INFO  o.s.o.j.p.SpringPersistenceUnitInfo - No LoadTimeWeaver setup: ignoring JPA class transformer
2024-01-17 09:56:13.231 [restartedMain] INFO  com.zaxxer.hikari.HikariDataSource - HikariPool-1 - Starting...
2024-01-17 09:56:13.745 [restartedMain] INFO  com.zaxxer.hikari.pool.HikariPool - HikariPool-1 - Added connection com.mysql.cj.jdbc.ConnectionImpl@360b4704
2024-01-17 09:56:13.748 [restartedMain] INFO  com.zaxxer.hikari.HikariDataSource - HikariPool-1 - Start completed.
2024-01-17 09:56:15.642 [restartedMain] INFO  o.h.e.t.j.p.i.JtaPlatformInitiator - HHH000489: No JTA platform available (set 'hibernate.transaction.jta.platform' to enable JTA platform integration)
2024-01-17 09:56:15.964 [restartedMain] INFO  o.s.o.j.LocalContainerEntityManagerFactoryBean - Initialized JPA EntityManagerFactory for persistence unit 'default'
2024-01-17 09:56:16.483 [restartedMain] INFO  o.s.d.j.r.query.QueryEnhancerFactory - Hibernate is in classpath; If applicable, HQL parser will be used.
2024-01-17 09:56:17.058 [restartedMain] WARN  o.s.c.LocalVariableTableParameterNameDiscoverer - Using deprecated '-debug' fallback for parameter name resolution. Compile the affected code with '-parameters' instead or avoid its introspection: com.opnapp.repositories.AdministratorRepository
2024-01-17 09:56:17.272 [restartedMain] WARN  o.s.c.LocalVariableTableParameterNameDiscoverer - Using deprecated '-debug' fallback for parameter name resolution. Compile the affected code with '-parameters' instead or avoid its introspection: com.opnapp.repositories.CustomerRepository
2024-01-17 09:56:17.390 [restartedMain] WARN  o.s.c.LocalVariableTableParameterNameDiscoverer - Using deprecated '-debug' fallback for parameter name resolution. Compile the affected code with '-parameters' instead or avoid its introspection: com.opnapp.repositories.OrderRepository
2024-01-17 09:56:17.487 [restartedMain] WARN  o.s.c.LocalVariableTableParameterNameDiscoverer - Using deprecated '-debug' fallback for parameter name resolution. Compile the affected code with '-parameters' instead or avoid its introspection: com.opnapp.repositories.PlantRepo
2024-01-17 09:56:17.516 [restartedMain] WARN  o.s.c.LocalVariableTableParameterNameDiscoverer - Using deprecated '-debug' fallback for parameter name resolution. Compile the affected code with '-parameters' instead or avoid its introspection: com.opnapp.repositories.PlanterRepository
2024-01-17 09:56:17.611 [restartedMain] WARN  o.s.c.LocalVariableTableParameterNameDiscoverer - Using deprecated '-debug' fallback for parameter name resolution. Compile the affected code with '-parameters' instead or avoid its introspection: com.opnapp.repositories.SeedRepository
2024-01-17 09:56:17.702 [restartedMain] WARN  o.s.b.a.o.j.JpaBaseConfiguration$JpaWebConfiguration - spring.jpa.open-in-view is enabled by default. Therefore, database queries may be performed during view rendering. Explicitly configure spring.jpa.open-in-view to disable this warning
2024-01-17 09:56:18.377 [restartedMain] INFO  o.s.b.d.a.OptionalLiveReloadServer - LiveReload server is running on port 35729
2024-01-17 09:56:18.397 [restartedMain] INFO  o.a.coyote.http11.Http11NioProtocol - Starting ProtocolHandler ["http-nio-8050"]
2024-01-17 09:56:18.456 [restartedMain] INFO  o.s.b.w.e.tomcat.TomcatWebServer - Tomcat started on port(s): 8050 (http) with context path ''
2024-01-17 09:56:18.474 [restartedMain] INFO  com.opnapp.OpnappApplication - Started OpnappApplication in 10.199 seconds (process running for 11.084)
2024-01-17 12:00:36.381 [http-nio-8050-exec-1] INFO  o.a.c.c.C.[Tomcat].[localhost].[/] - Initializing Spring DispatcherServlet 'dispatcherServlet'
2024-01-17 12:00:36.384 [http-nio-8050-exec-1] INFO  o.s.web.servlet.DispatcherServlet - Initializing Servlet 'dispatcherServlet'
2024-01-17 12:00:36.397 [http-nio-8050-exec-1] INFO  o.s.web.servlet.DispatcherServlet - Completed initialization in 13 ms
2024-01-17 12:00:39.863 [http-nio-8050-exec-3] INFO  c.o.services.CustomerServiceImpl - Viewing all customers...
2024-01-17 12:00:39.912 [http-nio-8050-exec-3] INFO  com.opnapp.DAO.CustomerDAOImpl - Viewed all active customers
2024-01-17 12:01:10.702 [http-nio-8050-exec-4] WARN  o.s.c.LocalVariableTableParameterNameDiscoverer - Using deprecated '-debug' fallback for parameter name resolution. Compile the affected code with '-parameters' instead or avoid its introspection: com.opnapp.controllers.CustomerController
2024-01-17 12:01:10.716 [http-nio-8050-exec-4] WARN  o.s.w.s.m.m.a.ExceptionHandlerExceptionResolver - Resolved [org.springframework.web.method.annotation.MethodArgumentTypeMismatchException: Failed to convert value of type 'java.lang.String' to required type 'java.lang.Long'; For input string: "undefined"]
2024-01-17 12:01:15.498 [http-nio-8050-exec-5] INFO  c.o.services.CustomerServiceImpl - Viewing customer by ID: 11
2024-01-17 12:01:15.515 [http-nio-8050-exec-5] INFO  com.opnapp.DAO.CustomerDAOImpl - Viewed customer with ID: 11
2024-01-17 12:01:26.379 [http-nio-8050-exec-7] INFO  c.o.services.CustomerServiceImpl - Updating customer...
2024-01-17 12:01:26.389 [http-nio-8050-exec-7] INFO  com.opnapp.DAO.CustomerDAOImpl - Updated Successfully
